SF:/Users/d.dahl/code/otel-arrow/rust/otel-arrow-rust/src/arrays.rs
FN:45,_RNvXNtCs2Zzx8WPYKXd_15otel_arrow_rust6arraysRINtNtNtCs5YmLTPZiaZu_11arrow_array5array10byte_array16GenericByteArrayINtNtBO_5types17GenericBinaryTypelEENtB2_21NullableArrayAccessor8value_atB4_
FN:45,_RNvXNtCs2Zzx8WPYKXd_15otel_arrow_rust6arraysRINtNtNtCs5YmLTPZiaZu_11arrow_array5array10byte_array16GenericByteArrayINtNtBO_5types17GenericStringTypelEENtB2_21NullableArrayAccessor8value_atB4_
FN:133,_RNCNCNvNtCs2Zzx8WPYKXd_15otel_arrow_rust6arrays16get_i8_array_opt00B7_
FN:133,_RNCNCNvNtCs2Zzx8WPYKXd_15otel_arrow_rust6arrays16get_u8_array_opt00B7_
FN:133,_RNCNCNvNtCs2Zzx8WPYKXd_15otel_arrow_rust6arrays17get_f32_array_opt00B7_
FN:133,_RNCNCNvNtCs2Zzx8WPYKXd_15otel_arrow_rust6arrays17get_i16_array_opt00B7_
FN:133,_RNCNCNvNtCs2Zzx8WPYKXd_15otel_arrow_rust6arrays17get_i32_array_opt00B7_
FN:133,_RNCNCNvNtCs2Zzx8WPYKXd_15otel_arrow_rust6arrays17get_u16_array_opt00B7_
FN:133,_RNCNCNvNtCs2Zzx8WPYKXd_15otel_arrow_rust6arrays17get_u64_array_opt00B7_
FN:133,_RNCNCNvNtCs2Zzx8WPYKXd_15otel_arrow_rust6arrays20get_binary_array_opt00B7_
FN:133,_RNCNCNvNtCs2Zzx8WPYKXd_15otel_arrow_rust6arrays20get_string_array_opt00B7_
FN:147,_RNCNvNtCs2Zzx8WPYKXd_15otel_arrow_rust6arrays12get_i8_array0B5_
FN:147,_RNCNvNtCs2Zzx8WPYKXd_15otel_arrow_rust6arrays13get_f32_array0B5_
FN:147,_RNCNvNtCs2Zzx8WPYKXd_15otel_arrow_rust6arrays13get_i16_array0B5_
FN:147,_RNCNvNtCs2Zzx8WPYKXd_15otel_arrow_rust6arrays13get_i64_array0B5_
FN:147,_RNCNvNtCs2Zzx8WPYKXd_15otel_arrow_rust6arrays14get_bool_array0B5_
FN:147,_RNCNvNtCs2Zzx8WPYKXd_15otel_arrow_rust6arrays16get_binary_array0B5_
FN:130,_RNCNvNtCs2Zzx8WPYKXd_15otel_arrow_rust6arrays16get_i8_array_opt0B5_
FN:147,_RNCNvNtCs2Zzx8WPYKXd_15otel_arrow_rust6arrays16get_string_array0B5_
FN:130,_RNCNvNtCs2Zzx8WPYKXd_15otel_arrow_rust6arrays16get_u8_array_opt0B5_
FN:130,_RNCNvNtCs2Zzx8WPYKXd_15otel_arrow_rust6arrays17get_f32_array_opt0B5_
FN:130,_RNCNvNtCs2Zzx8WPYKXd_15otel_arrow_rust6arrays17get_i16_array_opt0B5_
FN:130,_RNCNvNtCs2Zzx8WPYKXd_15otel_arrow_rust6arrays17get_i32_array_opt0B5_
FN:130,_RNCNvNtCs2Zzx8WPYKXd_15otel_arrow_rust6arrays17get_u16_array_opt0B5_
FN:130,_RNCNvNtCs2Zzx8WPYKXd_15otel_arrow_rust6arrays17get_u64_array_opt0B5_
FN:130,_RNCNvNtCs2Zzx8WPYKXd_15otel_arrow_rust6arrays20get_binary_array_opt0B5_
FN:130,_RNCNvNtCs2Zzx8WPYKXd_15otel_arrow_rust6arrays20get_string_array_opt0B5_
FN:419,_RNvMsd_NtCs2Zzx8WPYKXd_15otel_arrow_rust6arraysINtB5_22MaybeDictArrayAccessorINtNtNtCs5YmLTPZiaZu_11arrow_array5array15primitive_array14PrimitiveArraypEE18try_new_for_columnB7_
FN:141,_RNvNtCs2Zzx8WPYKXd_15otel_arrow_rust6arrays12get_i8_array
FN:141,_RNvNtCs2Zzx8WPYKXd_15otel_arrow_rust6arrays13get_f32_array
FN:141,_RNvNtCs2Zzx8WPYKXd_15otel_arrow_rust6arrays13get_i16_array
FN:141,_RNvNtCs2Zzx8WPYKXd_15otel_arrow_rust6arrays13get_i64_array
FN:141,_RNvNtCs2Zzx8WPYKXd_15otel_arrow_rust6arrays14get_bool_array
FN:141,_RNvNtCs2Zzx8WPYKXd_15otel_arrow_rust6arrays16get_binary_array
FN:127,_RNvNtCs2Zzx8WPYKXd_15otel_arrow_rust6arrays16get_i8_array_opt
FN:141,_RNvNtCs2Zzx8WPYKXd_15otel_arrow_rust6arrays16get_string_array
FN:127,_RNvNtCs2Zzx8WPYKXd_15otel_arrow_rust6arrays16get_u8_array_opt
FN:127,_RNvNtCs2Zzx8WPYKXd_15otel_arrow_rust6arrays17get_f32_array_opt
FN:127,_RNvNtCs2Zzx8WPYKXd_15otel_arrow_rust6arrays17get_i16_array_opt
FN:127,_RNvNtCs2Zzx8WPYKXd_15otel_arrow_rust6arrays17get_i32_array_opt
FN:127,_RNvNtCs2Zzx8WPYKXd_15otel_arrow_rust6arrays17get_u16_array_opt
FN:127,_RNvNtCs2Zzx8WPYKXd_15otel_arrow_rust6arrays17get_u64_array_opt
FN:127,_RNvNtCs2Zzx8WPYKXd_15otel_arrow_rust6arrays20get_binary_array_opt
FN:127,_RNvNtCs2Zzx8WPYKXd_15otel_arrow_rust6arrays20get_string_array_opt
FN:204,_RNvXININtCs2Zzx8WPYKXd_15otel_arrow_rust6arrayss6_0pERINtNtNtCs5YmLTPZiaZu_11arrow_array5array16dictionary_array15DictionaryArraypENtB5_26NullableInt64ArrayAccessor6i64_atB7_
FN:232,_RNvXININtCs2Zzx8WPYKXd_15otel_arrow_rust6arrayss8_0pERINtNtNtCs5YmLTPZiaZu_11arrow_array5array16dictionary_array15DictionaryArraypENtB5_24NullableF64ArrayAccessor6f64_atB7_
FN:195,_RNvXs5_NtCs2Zzx8WPYKXd_15otel_arrow_rust6arraysRINtNtNtCs5YmLTPZiaZu_11arrow_array5array15primitive_array14PrimitiveArrayNtNtBR_5types9Int64TypeENtB5_26NullableInt64ArrayAccessor6i64_at
FN:223,_RNvXs7_NtCs2Zzx8WPYKXd_15otel_arrow_rust6arraysRINtNtNtCs5YmLTPZiaZu_11arrow_array5array15primitive_array14PrimitiveArrayNtNtBR_5types11Float64TypeENtB5_24NullableF64ArrayAccessor6f64_at
FN:256,_RNvMs9_NtCs2Zzx8WPYKXd_15otel_arrow_rust6arraysNtB5_17ByteArrayAccessor18try_new_for_column
FN:263,_RNvMs9_NtCs2Zzx8WPYKXd_15otel_arrow_rust6arraysNtB5_17ByteArrayAccessor7try_new
FN:428,_RNvMse_NtCs2Zzx8WPYKXd_15otel_arrow_rust6arraysINtB5_22MaybeDictArrayAccessorINtNtNtCs5YmLTPZiaZu_11arrow_array5array10byte_array16GenericByteArrayINtNtB1k_5types17GenericBinaryTypelEEE7try_new
FN:434,_RNvMsf_NtCs2Zzx8WPYKXd_15otel_arrow_rust6arraysINtB5_22MaybeDictArrayAccessorNtNtNtCs5YmLTPZiaZu_11arrow_array5array23fixed_size_binary_array20FixedSizeBinaryArrayE7try_new
FN:444,_RNvMsg_NtCs2Zzx8WPYKXd_15otel_arrow_rust6arraysINtB5_22MaybeDictArrayAccessorINtNtNtCs5YmLTPZiaZu_11arrow_array5array10byte_array16GenericByteArrayINtNtB1k_5types17GenericStringTypelEEE18try_new_for_column
FN:440,_RNvMsg_NtCs2Zzx8WPYKXd_15otel_arrow_rust6arraysINtB5_22MaybeDictArrayAccessorINtNtNtCs5YmLTPZiaZu_11arrow_array5array10byte_array16GenericByteArrayINtNtB1k_5types17GenericStringTypelEEE7try_new
FN:536,_RNvMsi_NtCs2Zzx8WPYKXd_15otel_arrow_rust6arraysNtB5_20StructColumnAccessor14bool_column_op
FN:551,_RNvMsi_NtCs2Zzx8WPYKXd_15otel_arrow_rust6arraysNtB5_20StructColumnAccessor16string_column_op
FN:561,_RNvMsi_NtCs2Zzx8WPYKXd_15otel_arrow_rust6arraysNtB5_20StructColumnAccessor20byte_array_column_op
FN:504,_RNvMsi_NtCs2Zzx8WPYKXd_15otel_arrow_rust6arraysNtB5_20StructColumnAccessor3new
FN:141,_RNvNtCs2Zzx8WPYKXd_15otel_arrow_rust6arrays12get_u8_array
FN:141,_RNvNtCs2Zzx8WPYKXd_15otel_arrow_rust6arrays13get_f64_array
FN:141,_RNvNtCs2Zzx8WPYKXd_15otel_arrow_rust6arrays13get_i32_array
FN:141,_RNvNtCs2Zzx8WPYKXd_15otel_arrow_rust6arrays13get_u16_array
FN:141,_RNvNtCs2Zzx8WPYKXd_15otel_arrow_rust6arrays13get_u32_array
FN:141,_RNvNtCs2Zzx8WPYKXd_15otel_arrow_rust6arrays13get_u64_array
FN:127,_RNvNtCs2Zzx8WPYKXd_15otel_arrow_rust6arrays17get_f64_array_opt
FN:127,_RNvNtCs2Zzx8WPYKXd_15otel_arrow_rust6arrays17get_i64_array_opt
FN:127,_RNvNtCs2Zzx8WPYKXd_15otel_arrow_rust6arrays17get_u32_array_opt
FN:127,_RNvNtCs2Zzx8WPYKXd_15otel_arrow_rust6arrays18get_bool_array_opt
FN:181,_RNvNtCs2Zzx8WPYKXd_15otel_arrow_rust6arrays18get_required_array
FN:141,_RNvNtCs2Zzx8WPYKXd_15otel_arrow_rust6arrays30get_timestamp_nanosecond_array
FN:127,_RNvNtCs2Zzx8WPYKXd_15otel_arrow_rust6arrays34get_timestamp_nanosecond_array_opt
FN:311,_RNvXsa_NtCs2Zzx8WPYKXd_15otel_arrow_rust6arraysNtB5_17ByteArrayAccessorNtB5_21NullableArrayAccessor8value_at
FN:91,_RNvXs2_NtCs2Zzx8WPYKXd_15otel_arrow_rust6arraysINtNtNtCs5YmLTPZiaZu_11arrow_array5array10byte_array16GenericByteArrayINtNtBQ_5types17GenericBinaryTypelEENtB5_21NullableArrayAccessor8value_at
FN:115,_RNvXs4_NtCs2Zzx8WPYKXd_15otel_arrow_rust6arraysINtNtNtCs5YmLTPZiaZu_11arrow_array5array10byte_array16GenericByteArrayINtNtBQ_5types17GenericStringTypelEENtB5_21NullableArrayAccessor8value_at
FN:508,_RINvMsi_NtCs2Zzx8WPYKXd_15otel_arrow_rust6arraysNtB6_20StructColumnAccessor16primitive_columnNtNtCs5YmLTPZiaZu_11arrow_array5types10UInt16TypeEB8_
FN:508,_RINvMsi_NtCs2Zzx8WPYKXd_15otel_arrow_rust6arraysNtB6_20StructColumnAccessor16primitive_columnNtNtCs5YmLTPZiaZu_11arrow_array5types9UInt8TypeEB8_
FN:518,_RINvMsi_NtCs2Zzx8WPYKXd_15otel_arrow_rust6arraysNtB6_20StructColumnAccessor19primitive_column_opNtNtCs5YmLTPZiaZu_11arrow_array5types10UInt16TypeEB8_
FN:518,_RINvMsi_NtCs2Zzx8WPYKXd_15otel_arrow_rust6arraysNtB6_20StructColumnAccessor19primitive_column_opNtNtCs5YmLTPZiaZu_11arrow_array5types10UInt32TypeEB8_
FN:518,_RINvMsi_NtCs2Zzx8WPYKXd_15otel_arrow_rust6arraysNtB6_20StructColumnAccessor19primitive_column_opNtNtCs5YmLTPZiaZu_11arrow_array5types11Float64TypeEB8_
FN:518,_RINvMsi_NtCs2Zzx8WPYKXd_15otel_arrow_rust6arraysNtB6_20StructColumnAccessor19primitive_column_opNtNtCs5YmLTPZiaZu_11arrow_array5types9Int64TypeEB8_
FN:518,_RINvMsi_NtCs2Zzx8WPYKXd_15otel_arrow_rust6arraysNtB6_20StructColumnAccessor19primitive_column_opNtNtCs5YmLTPZiaZu_11arrow_array5types9UInt8TypeEB8_
FN:513,_RNCINvMsi_NtCs2Zzx8WPYKXd_15otel_arrow_rust6arraysNtB8_20StructColumnAccessor16primitive_columnNtNtCs5YmLTPZiaZu_11arrow_array5types10UInt16TypeE0Ba_
FN:513,_RNCINvMsi_NtCs2Zzx8WPYKXd_15otel_arrow_rust6arraysNtB8_20StructColumnAccessor16primitive_columnNtNtCs5YmLTPZiaZu_11arrow_array5types9UInt8TypeE0Ba_
FN:524,_RNCINvMsi_NtCs2Zzx8WPYKXd_15otel_arrow_rust6arraysNtB8_20StructColumnAccessor19primitive_column_opNtNtCs5YmLTPZiaZu_11arrow_array5types10UInt16TypeE0Ba_
FN:524,_RNCINvMsi_NtCs2Zzx8WPYKXd_15otel_arrow_rust6arraysNtB8_20StructColumnAccessor19primitive_column_opNtNtCs5YmLTPZiaZu_11arrow_array5types10UInt32TypeE0Ba_
FN:524,_RNCINvMsi_NtCs2Zzx8WPYKXd_15otel_arrow_rust6arraysNtB8_20StructColumnAccessor19primitive_column_opNtNtCs5YmLTPZiaZu_11arrow_array5types11Float64TypeE0Ba_
FN:524,_RNCINvMsi_NtCs2Zzx8WPYKXd_15otel_arrow_rust6arraysNtB8_20StructColumnAccessor19primitive_column_opNtNtCs5YmLTPZiaZu_11arrow_array5types9Int64TypeE0Ba_
FN:524,_RNCINvMsi_NtCs2Zzx8WPYKXd_15otel_arrow_rust6arraysNtB8_20StructColumnAccessor19primitive_column_opNtNtCs5YmLTPZiaZu_11arrow_array5types9UInt8TypeE0Ba_
FN:527,_RNCNCINvMsi_NtCs2Zzx8WPYKXd_15otel_arrow_rust6arraysNtBa_20StructColumnAccessor19primitive_column_opNtNtCs5YmLTPZiaZu_11arrow_array5types10UInt16TypeE00Bc_
FN:527,_RNCNCINvMsi_NtCs2Zzx8WPYKXd_15otel_arrow_rust6arraysNtBa_20StructColumnAccessor19primitive_column_opNtNtCs5YmLTPZiaZu_11arrow_array5types10UInt32TypeE00Bc_
FN:527,_RNCNCINvMsi_NtCs2Zzx8WPYKXd_15otel_arrow_rust6arraysNtBa_20StructColumnAccessor19primitive_column_opNtNtCs5YmLTPZiaZu_11arrow_array5types11Float64TypeE00Bc_
FN:527,_RNCNCINvMsi_NtCs2Zzx8WPYKXd_15otel_arrow_rust6arraysNtBa_20StructColumnAccessor19primitive_column_opNtNtCs5YmLTPZiaZu_11arrow_array5types9Int64TypeE00Bc_
FN:527,_RNCNCINvMsi_NtCs2Zzx8WPYKXd_15otel_arrow_rust6arraysNtBa_20StructColumnAccessor19primitive_column_opNtNtCs5YmLTPZiaZu_11arrow_array5types9UInt8TypeE00Bc_
FN:542,_RNCNCNvMsi_NtCs2Zzx8WPYKXd_15otel_arrow_rust6arraysNtB9_20StructColumnAccessor14bool_column_op00Bb_
FN:133,_RNCNCNvNtCs2Zzx8WPYKXd_15otel_arrow_rust6arrays17get_f64_array_opt00B7_
FN:133,_RNCNCNvNtCs2Zzx8WPYKXd_15otel_arrow_rust6arrays17get_i64_array_opt00B7_
FN:133,_RNCNCNvNtCs2Zzx8WPYKXd_15otel_arrow_rust6arrays17get_u32_array_opt00B7_
FN:133,_RNCNCNvNtCs2Zzx8WPYKXd_15otel_arrow_rust6arrays18get_bool_array_opt00B7_
FN:133,_RNCNCNvNtCs2Zzx8WPYKXd_15otel_arrow_rust6arrays34get_timestamp_nanosecond_array_opt00B7_
FN:474,_RNCNvMsh_NtCs2Zzx8WPYKXd_15otel_arrow_rust6arraysINtB7_23DictionaryArrayAccessorNtNtCs5YmLTPZiaZu_11arrow_array5types10UInt16TypeINtNtNtB1k_5array10byte_array16GenericByteArrayINtB1i_17GenericBinaryTypelEEE3new0B9_
FN:474,_RNCNvMsh_NtCs2Zzx8WPYKXd_15otel_arrow_rust6arraysINtB7_23DictionaryArrayAccessorNtNtCs5YmLTPZiaZu_11arrow_array5types10UInt16TypeINtNtNtB1k_5array10byte_array16GenericByteArrayINtB1i_17GenericStringTypelEEE3new0B9_
FN:474,_RNCNvMsh_NtCs2Zzx8WPYKXd_15otel_arrow_rust6arraysINtB7_23DictionaryArrayAccessorNtNtCs5YmLTPZiaZu_11arrow_array5types10UInt16TypeINtNtNtB1k_5array15primitive_array14PrimitiveArrayB1g_EE3new0B9_
FN:474,_RNCNvMsh_NtCs2Zzx8WPYKXd_15otel_arrow_rust6arraysINtB7_23DictionaryArrayAccessorNtNtCs5YmLTPZiaZu_11arrow_array5types10UInt16TypeINtNtNtB1k_5array15primitive_array14PrimitiveArrayNtB1i_10UInt32TypeEE3new0B9_
FN:474,_RNCNvMsh_NtCs2Zzx8WPYKXd_15otel_arrow_rust6arraysINtB7_23DictionaryArrayAccessorNtNtCs5YmLTPZiaZu_11arrow_array5types10UInt16TypeINtNtNtB1k_5array15primitive_array14PrimitiveArrayNtB1i_9Int32TypeEE3new0B9_
FN:474,_RNCNvMsh_NtCs2Zzx8WPYKXd_15otel_arrow_rust6arraysINtB7_23DictionaryArrayAccessorNtNtCs5YmLTPZiaZu_11arrow_array5types10UInt16TypeINtNtNtB1k_5array15primitive_array14PrimitiveArrayNtB1i_9Int64TypeEE3new0B9_
FN:474,_RNCNvMsh_NtCs2Zzx8WPYKXd_15otel_arrow_rust6arraysINtB7_23DictionaryArrayAccessorNtNtCs5YmLTPZiaZu_11arrow_array5types10UInt16TypeNtNtNtB1k_5array23fixed_size_binary_array20FixedSizeBinaryArrayE3new0B9_
FN:474,_RNCNvMsh_NtCs2Zzx8WPYKXd_15otel_arrow_rust6arraysINtB7_23DictionaryArrayAccessorNtNtCs5YmLTPZiaZu_11arrow_array5types9UInt8TypeINtNtNtB1k_5array10byte_array16GenericByteArrayINtB1i_17GenericBinaryTypelEEE3new0B9_
FN:474,_RNCNvMsh_NtCs2Zzx8WPYKXd_15otel_arrow_rust6arraysINtB7_23DictionaryArrayAccessorNtNtCs5YmLTPZiaZu_11arrow_array5types9UInt8TypeINtNtNtB1k_5array10byte_array16GenericByteArrayINtB1i_17GenericStringTypelEEE3new0B9_
FN:474,_RNCNvMsh_NtCs2Zzx8WPYKXd_15otel_arrow_rust6arraysINtB7_23DictionaryArrayAccessorNtNtCs5YmLTPZiaZu_11arrow_array5types9UInt8TypeINtNtNtB1k_5array15primitive_array14PrimitiveArrayNtB1i_10UInt16TypeEE3new0B9_
FN:474,_RNCNvMsh_NtCs2Zzx8WPYKXd_15otel_arrow_rust6arraysINtB7_23DictionaryArrayAccessorNtNtCs5YmLTPZiaZu_11arrow_array5types9UInt8TypeINtNtNtB1k_5array15primitive_array14PrimitiveArrayNtB1i_10UInt32TypeEE3new0B9_
FN:474,_RNCNvMsh_NtCs2Zzx8WPYKXd_15otel_arrow_rust6arraysINtB7_23DictionaryArrayAccessorNtNtCs5YmLTPZiaZu_11arrow_array5types9UInt8TypeINtNtNtB1k_5array15primitive_array14PrimitiveArrayNtB1i_9Int32TypeEE3new0B9_
FN:474,_RNCNvMsh_NtCs2Zzx8WPYKXd_15otel_arrow_rust6arraysINtB7_23DictionaryArrayAccessorNtNtCs5YmLTPZiaZu_11arrow_array5types9UInt8TypeINtNtNtB1k_5array15primitive_array14PrimitiveArrayNtB1i_9Int64TypeEE3new0B9_
FN:474,_RNCNvMsh_NtCs2Zzx8WPYKXd_15otel_arrow_rust6arraysINtB7_23DictionaryArrayAccessorNtNtCs5YmLTPZiaZu_11arrow_array5types9UInt8TypeNtNtNtB1k_5array23fixed_size_binary_array20FixedSizeBinaryArrayE3new0B9_
FN:539,_RNCNvMsi_NtCs2Zzx8WPYKXd_15otel_arrow_rust6arraysNtB7_20StructColumnAccessor14bool_column_op0B9_
FN:147,_RNCNvNtCs2Zzx8WPYKXd_15otel_arrow_rust6arrays12get_u8_array0B5_
FN:147,_RNCNvNtCs2Zzx8WPYKXd_15otel_arrow_rust6arrays13get_f64_array0B5_
FN:147,_RNCNvNtCs2Zzx8WPYKXd_15otel_arrow_rust6arrays13get_i32_array0B5_
FN:147,_RNCNvNtCs2Zzx8WPYKXd_15otel_arrow_rust6arrays13get_u16_array0B5_
FN:147,_RNCNvNtCs2Zzx8WPYKXd_15otel_arrow_rust6arrays13get_u32_array0B5_
FN:147,_RNCNvNtCs2Zzx8WPYKXd_15otel_arrow_rust6arrays13get_u64_array0B5_
FN:130,_RNCNvNtCs2Zzx8WPYKXd_15otel_arrow_rust6arrays17get_f64_array_opt0B5_
FN:130,_RNCNvNtCs2Zzx8WPYKXd_15otel_arrow_rust6arrays17get_i64_array_opt0B5_
FN:130,_RNCNvNtCs2Zzx8WPYKXd_15otel_arrow_rust6arrays17get_u32_array_opt0B5_
FN:130,_RNCNvNtCs2Zzx8WPYKXd_15otel_arrow_rust6arrays18get_bool_array_opt0B5_
FN:147,_RNCNvNtCs2Zzx8WPYKXd_15otel_arrow_rust6arrays30get_timestamp_nanosecond_array0B5_
FN:130,_RNCNvNtCs2Zzx8WPYKXd_15otel_arrow_rust6arrays34get_timestamp_nanosecond_array_opt0B5_
FN:57,_RNCNvXs_NtCs2Zzx8WPYKXd_15otel_arrow_rust6arraysINtNtCs8sCtDi7t2F4_4core6option6OptionINtB6_22MaybeDictArrayAccessorINtNtNtCs5YmLTPZiaZu_11arrow_array5array10byte_array16GenericByteArrayINtNtB1X_5types17GenericStringTypelEEEENtB6_21NullableArrayAccessor8value_at0B8_
FN:57,_RNCNvXs_NtCs2Zzx8WPYKXd_15otel_arrow_rust6arraysINtNtCs8sCtDi7t2F4_4core6option6OptionINtB6_22MaybeDictArrayAccessorINtNtNtCs5YmLTPZiaZu_11arrow_array5array15primitive_array14PrimitiveArrayNtNtB1X_5types9Int32TypeEEENtB6_21NullableArrayAccessor8value_at0B8_
FN:57,_RNCNvXs_NtCs2Zzx8WPYKXd_15otel_arrow_rust6arraysINtNtCs8sCtDi7t2F4_4core6option6OptionINtB6_22MaybeDictArrayAccessorINtNtNtCs5YmLTPZiaZu_11arrow_array5array15primitive_array14PrimitiveArrayNtNtB1X_5types9Int64TypeEEENtB6_21NullableArrayAccessor8value_at0B8_
FN:57,_RNCNvXs_NtCs2Zzx8WPYKXd_15otel_arrow_rust6arraysINtNtCs8sCtDi7t2F4_4core6option6OptionNtB6_17ByteArrayAccessorENtB6_21NullableArrayAccessor8value_at0B8_
FN:57,_RNCNvXs_NtCs2Zzx8WPYKXd_15otel_arrow_rust6arraysINtNtCs8sCtDi7t2F4_4core6option6OptionNtNtNtB8_4otlp4logs13LogBodyArraysENtB6_21NullableArrayAccessor8value_at0B8_
FN:57,_RNCNvXs_NtCs2Zzx8WPYKXd_15otel_arrow_rust6arraysINtNtCs8sCtDi7t2F4_4core6option6OptionRINtNtNtCs5YmLTPZiaZu_11arrow_array5array15primitive_array14PrimitiveArrayNtNtB1u_5types10UInt16TypeEENtB6_21NullableArrayAccessor8value_at0B8_
FN:57,_RNCNvXs_NtCs2Zzx8WPYKXd_15otel_arrow_rust6arraysINtNtCs8sCtDi7t2F4_4core6option6OptionRINtNtNtCs5YmLTPZiaZu_11arrow_array5array15primitive_array14PrimitiveArrayNtNtB1u_5types10UInt32TypeEENtB6_21NullableArrayAccessor8value_at0B8_
FN:57,_RNCNvXs_NtCs2Zzx8WPYKXd_15otel_arrow_rust6arraysINtNtCs8sCtDi7t2F4_4core6option6OptionRINtNtNtCs5YmLTPZiaZu_11arrow_array5array15primitive_array14PrimitiveArrayNtNtB1u_5types11Float64TypeEENtB6_21NullableArrayAccessor8value_at0B8_
FN:57,_RNCNvXs_NtCs2Zzx8WPYKXd_15otel_arrow_rust6arraysINtNtCs8sCtDi7t2F4_4core6option6OptionRINtNtNtCs5YmLTPZiaZu_11arrow_array5array15primitive_array14PrimitiveArrayNtNtB1u_5types23TimestampNanosecondTypeEENtB6_21NullableArrayAccessor8value_at0B8_
FN:57,_RNCNvXs_NtCs2Zzx8WPYKXd_15otel_arrow_rust6arraysINtNtCs8sCtDi7t2F4_4core6option6OptionRINtNtNtCs5YmLTPZiaZu_11arrow_array5array15primitive_array14PrimitiveArrayNtNtB1u_5types9Int64TypeEENtB6_21NullableArrayAccessor8value_at0B8_
FN:57,_RNCNvXs_NtCs2Zzx8WPYKXd_15otel_arrow_rust6arraysINtNtCs8sCtDi7t2F4_4core6option6OptionRNtNtNtCs5YmLTPZiaZu_11arrow_array5array13boolean_array12BooleanArrayENtB6_21NullableArrayAccessor8value_at0B8_
FN:356,_RNvMsc_NtCs2Zzx8WPYKXd_15otel_arrow_rust6arraysINtB5_22MaybeDictArrayAccessorINtNtNtCs5YmLTPZiaZu_11arrow_array5array10byte_array16GenericByteArrayINtNtB1k_5types17GenericBinaryTypelEEE21try_new_with_datatypeB7_
FN:356,_RNvMsc_NtCs2Zzx8WPYKXd_15otel_arrow_rust6arraysINtB5_22MaybeDictArrayAccessorINtNtNtCs5YmLTPZiaZu_11arrow_array5array10byte_array16GenericByteArrayINtNtB1k_5types17GenericStringTypelEEE21try_new_with_datatypeB7_
FN:356,_RNvMsc_NtCs2Zzx8WPYKXd_15otel_arrow_rust6arraysINtB5_22MaybeDictArrayAccessorINtNtNtCs5YmLTPZiaZu_11arrow_array5array15primitive_array14PrimitiveArrayNtNtB1k_5types10UInt16TypeEE21try_new_with_datatypeB7_
FN:356,_RNvMsc_NtCs2Zzx8WPYKXd_15otel_arrow_rust6arraysINtB5_22MaybeDictArrayAccessorINtNtNtCs5YmLTPZiaZu_11arrow_array5array15primitive_array14PrimitiveArrayNtNtB1k_5types10UInt32TypeEE21try_new_with_datatypeB7_
FN:356,_RNvMsc_NtCs2Zzx8WPYKXd_15otel_arrow_rust6arraysINtB5_22MaybeDictArrayAccessorINtNtNtCs5YmLTPZiaZu_11arrow_array5array15primitive_array14PrimitiveArrayNtNtB1k_5types9Int32TypeEE21try_new_with_datatypeB7_
FN:356,_RNvMsc_NtCs2Zzx8WPYKXd_15otel_arrow_rust6arraysINtB5_22MaybeDictArrayAccessorINtNtNtCs5YmLTPZiaZu_11arrow_array5array15primitive_array14PrimitiveArrayNtNtB1k_5types9Int64TypeEE21try_new_with_datatypeB7_
FN:356,_RNvMsc_NtCs2Zzx8WPYKXd_15otel_arrow_rust6arraysINtB5_22MaybeDictArrayAccessorNtNtNtCs5YmLTPZiaZu_11arrow_array5array23fixed_size_binary_array20FixedSizeBinaryArrayE21try_new_with_datatypeB7_
FN:415,_RNvMsd_NtCs2Zzx8WPYKXd_15otel_arrow_rust6arraysINtB5_22MaybeDictArrayAccessorINtNtNtCs5YmLTPZiaZu_11arrow_array5array15primitive_array14PrimitiveArrayNtNtB1k_5types10UInt16TypeEE7try_newB7_
FN:415,_RNvMsd_NtCs2Zzx8WPYKXd_15otel_arrow_rust6arraysINtB5_22MaybeDictArrayAccessorINtNtNtCs5YmLTPZiaZu_11arrow_array5array15primitive_array14PrimitiveArrayNtNtB1k_5types10UInt32TypeEE7try_newB7_
FN:415,_RNvMsd_NtCs2Zzx8WPYKXd_15otel_arrow_rust6arraysINtB5_22MaybeDictArrayAccessorINtNtNtCs5YmLTPZiaZu_11arrow_array5array15primitive_array14PrimitiveArrayNtNtB1k_5types9Int32TypeEE7try_newB7_
FN:415,_RNvMsd_NtCs2Zzx8WPYKXd_15otel_arrow_rust6arraysINtB5_22MaybeDictArrayAccessorINtNtNtCs5YmLTPZiaZu_11arrow_array5array15primitive_array14PrimitiveArrayNtNtB1k_5types9Int64TypeEE7try_newB7_
FN:469,_RNvMsh_NtCs2Zzx8WPYKXd_15otel_arrow_rust6arraysINtB5_23DictionaryArrayAccessorNtNtCs5YmLTPZiaZu_11arrow_array5types10UInt16TypeINtNtNtB1i_5array10byte_array16GenericByteArrayINtB1g_17GenericBinaryTypelEEE3newB7_
FN:481,_RNvMsh_NtCs2Zzx8WPYKXd_15otel_arrow_rust6arraysINtB5_23DictionaryArrayAccessorNtNtCs5YmLTPZiaZu_11arrow_array5types10UInt16TypeINtNtNtB1i_5array10byte_array16GenericByteArrayINtB1g_17GenericBinaryTypelEEE8value_atB7_
FN:469,_RNvMsh_NtCs2Zzx8WPYKXd_15otel_arrow_rust6arraysINtB5_23DictionaryArrayAccessorNtNtCs5YmLTPZiaZu_11arrow_array5types10UInt16TypeINtNtNtB1i_5array10byte_array16GenericByteArrayINtB1g_17GenericStringTypelEEE3newB7_
FN:481,_RNvMsh_NtCs2Zzx8WPYKXd_15otel_arrow_rust6arraysINtB5_23DictionaryArrayAccessorNtNtCs5YmLTPZiaZu_11arrow_array5types10UInt16TypeINtNtNtB1i_5array10byte_array16GenericByteArrayINtB1g_17GenericStringTypelEEE8value_atB7_
FN:469,_RNvMsh_NtCs2Zzx8WPYKXd_15otel_arrow_rust6arraysINtB5_23DictionaryArrayAccessorNtNtCs5YmLTPZiaZu_11arrow_array5types10UInt16TypeINtNtNtB1i_5array15primitive_array14PrimitiveArrayB1e_EE3newB7_
FN:481,_RNvMsh_NtCs2Zzx8WPYKXd_15otel_arrow_rust6arraysINtB5_23DictionaryArrayAccessorNtNtCs5YmLTPZiaZu_11arrow_array5types10UInt16TypeINtNtNtB1i_5array15primitive_array14PrimitiveArrayB1e_EE8value_atB7_
FN:469,_RNvMsh_NtCs2Zzx8WPYKXd_15otel_arrow_rust6arraysINtB5_23DictionaryArrayAccessorNtNtCs5YmLTPZiaZu_11arrow_array5types10UInt16TypeINtNtNtB1i_5array15primitive_array14PrimitiveArrayNtB1g_10UInt32TypeEE3newB7_
FN:481,_RNvMsh_NtCs2Zzx8WPYKXd_15otel_arrow_rust6arraysINtB5_23DictionaryArrayAccessorNtNtCs5YmLTPZiaZu_11arrow_array5types10UInt16TypeINtNtNtB1i_5array15primitive_array14PrimitiveArrayNtB1g_10UInt32TypeEE8value_atB7_
FN:469,_RNvMsh_NtCs2Zzx8WPYKXd_15otel_arrow_rust6arraysINtB5_23DictionaryArrayAccessorNtNtCs5YmLTPZiaZu_11arrow_array5types10UInt16TypeINtNtNtB1i_5array15primitive_array14PrimitiveArrayNtB1g_9Int32TypeEE3newB7_
FN:481,_RNvMsh_NtCs2Zzx8WPYKXd_15otel_arrow_rust6arraysINtB5_23DictionaryArrayAccessorNtNtCs5YmLTPZiaZu_11arrow_array5types10UInt16TypeINtNtNtB1i_5array15primitive_array14PrimitiveArrayNtB1g_9Int32TypeEE8value_atB7_
FN:469,_RNvMsh_NtCs2Zzx8WPYKXd_15otel_arrow_rust6arraysINtB5_23DictionaryArrayAccessorNtNtCs5YmLTPZiaZu_11arrow_array5types10UInt16TypeINtNtNtB1i_5array15primitive_array14PrimitiveArrayNtB1g_9Int64TypeEE3newB7_
FN:481,_RNvMsh_NtCs2Zzx8WPYKXd_15otel_arrow_rust6arraysINtB5_23DictionaryArrayAccessorNtNtCs5YmLTPZiaZu_11arrow_array5types10UInt16TypeINtNtNtB1i_5array15primitive_array14PrimitiveArrayNtB1g_9Int64TypeEE8value_atB7_
FN:469,_RNvMsh_NtCs2Zzx8WPYKXd_15otel_arrow_rust6arraysINtB5_23DictionaryArrayAccessorNtNtCs5YmLTPZiaZu_11arrow_array5types10UInt16TypeNtNtNtB1i_5array23fixed_size_binary_array20FixedSizeBinaryArrayE3newB7_
FN:481,_RNvMsh_NtCs2Zzx8WPYKXd_15otel_arrow_rust6arraysINtB5_23DictionaryArrayAccessorNtNtCs5YmLTPZiaZu_11arrow_array5types10UInt16TypeNtNtNtB1i_5array23fixed_size_binary_array20FixedSizeBinaryArrayE8value_atB7_
FN:469,_RNvMsh_NtCs2Zzx8WPYKXd_15otel_arrow_rust6arraysINtB5_23DictionaryArrayAccessorNtNtCs5YmLTPZiaZu_11arrow_array5types9UInt8TypeINtNtNtB1i_5array10byte_array16GenericByteArrayINtB1g_17GenericBinaryTypelEEE3newB7_
FN:481,_RNvMsh_NtCs2Zzx8WPYKXd_15otel_arrow_rust6arraysINtB5_23DictionaryArrayAccessorNtNtCs5YmLTPZiaZu_11arrow_array5types9UInt8TypeINtNtNtB1i_5array10byte_array16GenericByteArrayINtB1g_17GenericBinaryTypelEEE8value_atB7_
FN:469,_RNvMsh_NtCs2Zzx8WPYKXd_15otel_arrow_rust6arraysINtB5_23DictionaryArrayAccessorNtNtCs5YmLTPZiaZu_11arrow_array5types9UInt8TypeINtNtNtB1i_5array10byte_array16GenericByteArrayINtB1g_17GenericStringTypelEEE3newB7_
FN:481,_RNvMsh_NtCs2Zzx8WPYKXd_15otel_arrow_rust6arraysINtB5_23DictionaryArrayAccessorNtNtCs5YmLTPZiaZu_11arrow_array5types9UInt8TypeINtNtNtB1i_5array10byte_array16GenericByteArrayINtB1g_17GenericStringTypelEEE8value_atB7_
FN:469,_RNvMsh_NtCs2Zzx8WPYKXd_15otel_arrow_rust6arraysINtB5_23DictionaryArrayAccessorNtNtCs5YmLTPZiaZu_11arrow_array5types9UInt8TypeINtNtNtB1i_5array15primitive_array14PrimitiveArrayNtB1g_10UInt16TypeEE3newB7_
FN:481,_RNvMsh_NtCs2Zzx8WPYKXd_15otel_arrow_rust6arraysINtB5_23DictionaryArrayAccessorNtNtCs5YmLTPZiaZu_11arrow_array5types9UInt8TypeINtNtNtB1i_5array15primitive_array14PrimitiveArrayNtB1g_10UInt16TypeEE8value_atB7_
FN:469,_RNvMsh_NtCs2Zzx8WPYKXd_15otel_arrow_rust6arraysINtB5_23DictionaryArrayAccessorNtNtCs5YmLTPZiaZu_11arrow_array5types9UInt8TypeINtNtNtB1i_5array15primitive_array14PrimitiveArrayNtB1g_10UInt32TypeEE3newB7_
FN:481,_RNvMsh_NtCs2Zzx8WPYKXd_15otel_arrow_rust6arraysINtB5_23DictionaryArrayAccessorNtNtCs5YmLTPZiaZu_11arrow_array5types9UInt8TypeINtNtNtB1i_5array15primitive_array14PrimitiveArrayNtB1g_10UInt32TypeEE8value_atB7_
FN:469,_RNvMsh_NtCs2Zzx8WPYKXd_15otel_arrow_rust6arraysINtB5_23DictionaryArrayAccessorNtNtCs5YmLTPZiaZu_11arrow_array5types9UInt8TypeINtNtNtB1i_5array15primitive_array14PrimitiveArrayNtB1g_9Int32TypeEE3newB7_
FN:481,_RNvMsh_NtCs2Zzx8WPYKXd_15otel_arrow_rust6arraysINtB5_23DictionaryArrayAccessorNtNtCs5YmLTPZiaZu_11arrow_array5types9UInt8TypeINtNtNtB1i_5array15primitive_array14PrimitiveArrayNtB1g_9Int32TypeEE8value_atB7_
FN:469,_RNvMsh_NtCs2Zzx8WPYKXd_15otel_arrow_rust6arraysINtB5_23DictionaryArrayAccessorNtNtCs5YmLTPZiaZu_11arrow_array5types9UInt8TypeINtNtNtB1i_5array15primitive_array14PrimitiveArrayNtB1g_9Int64TypeEE3newB7_
FN:481,_RNvMsh_NtCs2Zzx8WPYKXd_15otel_arrow_rust6arraysINtB5_23DictionaryArrayAccessorNtNtCs5YmLTPZiaZu_11arrow_array5types9UInt8TypeINtNtNtB1i_5array15primitive_array14PrimitiveArrayNtB1g_9Int64TypeEE8value_atB7_
FN:469,_RNvMsh_NtCs2Zzx8WPYKXd_15otel_arrow_rust6arraysINtB5_23DictionaryArrayAccessorNtNtCs5YmLTPZiaZu_11arrow_array5types9UInt8TypeNtNtNtB1i_5array23fixed_size_binary_array20FixedSizeBinaryArrayE3newB7_
FN:481,_RNvMsh_NtCs2Zzx8WPYKXd_15otel_arrow_rust6arraysINtB5_23DictionaryArrayAccessorNtNtCs5YmLTPZiaZu_11arrow_array5types9UInt8TypeNtNtNtB1i_5array23fixed_size_binary_array20FixedSizeBinaryArrayE8value_atB7_
FN:333,_RNvXsb_NtCs2Zzx8WPYKXd_15otel_arrow_rust6arraysINtB5_22MaybeDictArrayAccessorINtNtNtCs5YmLTPZiaZu_11arrow_array5array10byte_array16GenericByteArrayINtNtB1k_5types17GenericBinaryTypelEEENtB5_21NullableArrayAccessor8value_atB7_
FN:333,_RNvXsb_NtCs2Zzx8WPYKXd_15otel_arrow_rust6arraysINtB5_22MaybeDictArrayAccessorINtNtNtCs5YmLTPZiaZu_11arrow_array5array10byte_array16GenericByteArrayINtNtB1k_5types17GenericStringTypelEEENtB5_21NullableArrayAccessor8value_atB7_
FN:333,_RNvXsb_NtCs2Zzx8WPYKXd_15otel_arrow_rust6arraysINtB5_22MaybeDictArrayAccessorINtNtNtCs5YmLTPZiaZu_11arrow_array5array15primitive_array14PrimitiveArrayNtNtB1k_5types10UInt16TypeEENtB5_21NullableArrayAccessor8value_atB7_
FN:333,_RNvXsb_NtCs2Zzx8WPYKXd_15otel_arrow_rust6arraysINtB5_22MaybeDictArrayAccessorINtNtNtCs5YmLTPZiaZu_11arrow_array5array15primitive_array14PrimitiveArrayNtNtB1k_5types10UInt32TypeEENtB5_21NullableArrayAccessor8value_atB7_
FN:333,_RNvXsb_NtCs2Zzx8WPYKXd_15otel_arrow_rust6arraysINtB5_22MaybeDictArrayAccessorINtNtNtCs5YmLTPZiaZu_11arrow_array5array15primitive_array14PrimitiveArrayNtNtB1k_5types9Int32TypeEENtB5_21NullableArrayAccessor8value_atB7_
FN:333,_RNvXsb_NtCs2Zzx8WPYKXd_15otel_arrow_rust6arraysINtB5_22MaybeDictArrayAccessorINtNtNtCs5YmLTPZiaZu_11arrow_array5array15primitive_array14PrimitiveArrayNtNtB1k_5types9Int64TypeEENtB5_21NullableArrayAccessor8value_atB7_
FN:333,_RNvXsb_NtCs2Zzx8WPYKXd_15otel_arrow_rust6arraysINtB5_22MaybeDictArrayAccessorNtNtNtCs5YmLTPZiaZu_11arrow_array5array23fixed_size_binary_array20FixedSizeBinaryArrayENtB5_21NullableArrayAccessor8value_atB7_
FN:31,_RNvYINtNtCs2Zzx8WPYKXd_15otel_arrow_rust6arrays22MaybeDictArrayAccessorINtNtNtCs5YmLTPZiaZu_11arrow_array5array15primitive_array14PrimitiveArrayNtNtB1e_5types10UInt16TypeEENtB5_21NullableArrayAccessor19value_at_or_defaultB7_
FN:31,_RNvYINtNtCs2Zzx8WPYKXd_15otel_arrow_rust6arrays22MaybeDictArrayAccessorINtNtNtCs5YmLTPZiaZu_11arrow_array5array15primitive_array14PrimitiveArrayNtNtB1e_5types10UInt32TypeEENtB5_21NullableArrayAccessor19value_at_or_defaultB7_
FN:31,_RNvYNtNtCs2Zzx8WPYKXd_15otel_arrow_rust6arrays17ByteArrayAccessorNtB4_21NullableArrayAccessor19value_at_or_defaultB6_
FN:45,_RNvXNtCs2Zzx8WPYKXd_15otel_arrow_rust6arraysRINtNtNtCs5YmLTPZiaZu_11arrow_array5array15primitive_array14PrimitiveArrayNtNtBO_5types10UInt16TypeENtB2_21NullableArrayAccessor8value_atB4_
FN:45,_RNvXNtCs2Zzx8WPYKXd_15otel_arrow_rust6arraysRINtNtNtCs5YmLTPZiaZu_11arrow_array5array15primitive_array14PrimitiveArrayNtNtBO_5types10UInt32TypeENtB2_21NullableArrayAccessor8value_atB4_
FN:45,_RNvXNtCs2Zzx8WPYKXd_15otel_arrow_rust6arraysRINtNtNtCs5YmLTPZiaZu_11arrow_array5array15primitive_array14PrimitiveArrayNtNtBO_5types11Float64TypeENtB2_21NullableArrayAccessor8value_atB4_
FN:45,_RNvXNtCs2Zzx8WPYKXd_15otel_arrow_rust6arraysRINtNtNtCs5YmLTPZiaZu_11arrow_array5array15primitive_array14PrimitiveArrayNtNtBO_5types23TimestampNanosecondTypeENtB2_21NullableArrayAccessor8value_atB4_
FN:45,_RNvXNtCs2Zzx8WPYKXd_15otel_arrow_rust6arraysRINtNtNtCs5YmLTPZiaZu_11arrow_array5array15primitive_array14PrimitiveArrayNtNtBO_5types9Int32TypeENtB2_21NullableArrayAccessor8value_atB4_
FN:45,_RNvXNtCs2Zzx8WPYKXd_15otel_arrow_rust6arraysRINtNtNtCs5YmLTPZiaZu_11arrow_array5array15primitive_array14PrimitiveArrayNtNtBO_5types9Int64TypeENtB2_21NullableArrayAccessor8value_atB4_
FN:67,_RNvXs0_NtCs2Zzx8WPYKXd_15otel_arrow_rust6arraysINtNtNtCs5YmLTPZiaZu_11arrow_array5array15primitive_array14PrimitiveArrayNtNtBQ_5types10UInt16TypeENtB5_21NullableArrayAccessor8value_atB7_
FN:67,_RNvXs0_NtCs2Zzx8WPYKXd_15otel_arrow_rust6arraysINtNtNtCs5YmLTPZiaZu_11arrow_array5array15primitive_array14PrimitiveArrayNtNtBQ_5types10UInt32TypeENtB5_21NullableArrayAccessor8value_atB7_
FN:67,_RNvXs0_NtCs2Zzx8WPYKXd_15otel_arrow_rust6arraysINtNtNtCs5YmLTPZiaZu_11arrow_array5array15primitive_array14PrimitiveArrayNtNtBQ_5types10UInt64TypeENtB5_21NullableArrayAccessor8value_atB7_
FN:67,_RNvXs0_NtCs2Zzx8WPYKXd_15otel_arrow_rust6arraysINtNtNtCs5YmLTPZiaZu_11arrow_array5array15primitive_array14PrimitiveArrayNtNtBQ_5types11Float64TypeENtB5_21NullableArrayAccessor8value_atB7_
FN:67,_RNvXs0_NtCs2Zzx8WPYKXd_15otel_arrow_rust6arraysINtNtNtCs5YmLTPZiaZu_11arrow_array5array15primitive_array14PrimitiveArrayNtNtBQ_5types23TimestampNanosecondTypeENtB5_21NullableArrayAccessor8value_atB7_
FN:67,_RNvXs0_NtCs2Zzx8WPYKXd_15otel_arrow_rust6arraysINtNtNtCs5YmLTPZiaZu_11arrow_array5array15primitive_array14PrimitiveArrayNtNtBQ_5types9Int32TypeENtB5_21NullableArrayAccessor8value_atB7_
FN:67,_RNvXs0_NtCs2Zzx8WPYKXd_15otel_arrow_rust6arraysINtNtNtCs5YmLTPZiaZu_11arrow_array5array15primitive_array14PrimitiveArrayNtNtBQ_5types9Int64TypeENtB5_21NullableArrayAccessor8value_atB7_
FN:67,_RNvXs0_NtCs2Zzx8WPYKXd_15otel_arrow_rust6arraysINtNtNtCs5YmLTPZiaZu_11arrow_array5array15primitive_array14PrimitiveArrayNtNtBQ_5types9UInt8TypeENtB5_21NullableArrayAccessor8value_atB7_
FN:31,_RNvYINtNtNtCs5YmLTPZiaZu_11arrow_array5array15primitive_array14PrimitiveArrayNtNtB9_5types10UInt16TypeENtNtCs2Zzx8WPYKXd_15otel_arrow_rust6arrays21NullableArrayAccessor19value_at_or_defaultB1H_
FN:31,_RNvYINtNtNtCs5YmLTPZiaZu_11arrow_array5array15primitive_array14PrimitiveArrayNtNtB9_5types10UInt32TypeENtNtCs2Zzx8WPYKXd_15otel_arrow_rust6arrays21NullableArrayAccessor19value_at_or_defaultB1H_
FN:31,_RNvYINtNtNtCs5YmLTPZiaZu_11arrow_array5array15primitive_array14PrimitiveArrayNtNtB9_5types10UInt64TypeENtNtCs2Zzx8WPYKXd_15otel_arrow_rust6arrays21NullableArrayAccessor19value_at_or_defaultB1H_
FN:31,_RNvYINtNtNtCs5YmLTPZiaZu_11arrow_array5array15primitive_array14PrimitiveArrayNtNtB9_5types11Float64TypeENtNtCs2Zzx8WPYKXd_15otel_arrow_rust6arrays21NullableArrayAccessor19value_at_or_defaultB1I_
FN:31,_RNvYINtNtNtCs5YmLTPZiaZu_11arrow_array5array15primitive_array14PrimitiveArrayNtNtB9_5types23TimestampNanosecondTypeENtNtCs2Zzx8WPYKXd_15otel_arrow_rust6arrays21NullableArrayAccessor19value_at_or_defaultB1U_
FN:31,_RNvYINtNtNtCs5YmLTPZiaZu_11arrow_array5array15primitive_array14PrimitiveArrayNtNtB9_5types9Int32TypeENtNtCs2Zzx8WPYKXd_15otel_arrow_rust6arrays21NullableArrayAccessor19value_at_or_defaultB1F_
FN:31,_RNvYINtNtNtCs5YmLTPZiaZu_11arrow_array5array15primitive_array14PrimitiveArrayNtNtB9_5types9UInt8TypeENtNtCs2Zzx8WPYKXd_15otel_arrow_rust6arrays21NullableArrayAccessor19value_at_or_defaultB1F_
FN:580,_RNvNtNtCs2Zzx8WPYKXd_15otel_arrow_rust6arrays5testss_24test_dictionary_accessor
FN:56,_RNvXs_NtCs2Zzx8WPYKXd_15otel_arrow_rust6arraysINtNtCs8sCtDi7t2F4_4core6option6OptionINtB4_22MaybeDictArrayAccessorINtNtNtCs5YmLTPZiaZu_11arrow_array5array10byte_array16GenericByteArrayINtNtB1V_5types17GenericStringTypelEEEENtB4_21NullableArrayAccessor8value_atB6_
FN:56,_RNvXs_NtCs2Zzx8WPYKXd_15otel_arrow_rust6arraysINtNtCs8sCtDi7t2F4_4core6option6OptionINtB4_22MaybeDictArrayAccessorINtNtNtCs5YmLTPZiaZu_11arrow_array5array15primitive_array14PrimitiveArrayNtNtB1V_5types9Int32TypeEEENtB4_21NullableArrayAccessor8value_atB6_
FN:56,_RNvXs_NtCs2Zzx8WPYKXd_15otel_arrow_rust6arraysINtNtCs8sCtDi7t2F4_4core6option6OptionINtB4_22MaybeDictArrayAccessorINtNtNtCs5YmLTPZiaZu_11arrow_array5array15primitive_array14PrimitiveArrayNtNtB1V_5types9Int64TypeEEENtB4_21NullableArrayAccessor8value_atB6_
FN:56,_RNvXs_NtCs2Zzx8WPYKXd_15otel_arrow_rust6arraysINtNtCs8sCtDi7t2F4_4core6option6OptionNtB4_17ByteArrayAccessorENtB4_21NullableArrayAccessor8value_atB6_
FN:56,_RNvXs_NtCs2Zzx8WPYKXd_15otel_arrow_rust6arraysINtNtCs8sCtDi7t2F4_4core6option6OptionNtNtNtB6_4otlp4logs13LogBodyArraysENtB4_21NullableArrayAccessor8value_atB6_
FN:56,_RNvXs_NtCs2Zzx8WPYKXd_15otel_arrow_rust6arraysINtNtCs8sCtDi7t2F4_4core6option6OptionRINtNtNtCs5YmLTPZiaZu_11arrow_array5array15primitive_array14PrimitiveArrayNtNtB1s_5types10UInt16TypeEENtB4_21NullableArrayAccessor8value_atB6_
FN:56,_RNvXs_NtCs2Zzx8WPYKXd_15otel_arrow_rust6arraysINtNtCs8sCtDi7t2F4_4core6option6OptionRINtNtNtCs5YmLTPZiaZu_11arrow_array5array15primitive_array14PrimitiveArrayNtNtB1s_5types10UInt32TypeEENtB4_21NullableArrayAccessor8value_atB6_
FN:56,_RNvXs_NtCs2Zzx8WPYKXd_15otel_arrow_rust6arraysINtNtCs8sCtDi7t2F4_4core6option6OptionRINtNtNtCs5YmLTPZiaZu_11arrow_array5array15primitive_array14PrimitiveArrayNtNtB1s_5types11Float64TypeEENtB4_21NullableArrayAccessor8value_atB6_
FN:56,_RNvXs_NtCs2Zzx8WPYKXd_15otel_arrow_rust6arraysINtNtCs8sCtDi7t2F4_4core6option6OptionRINtNtNtCs5YmLTPZiaZu_11arrow_array5array15primitive_array14PrimitiveArrayNtNtB1s_5types23TimestampNanosecondTypeEENtB4_21NullableArrayAccessor8value_atB6_
FN:56,_RNvXs_NtCs2Zzx8WPYKXd_15otel_arrow_rust6arraysINtNtCs8sCtDi7t2F4_4core6option6OptionRINtNtNtCs5YmLTPZiaZu_11arrow_array5array15primitive_array14PrimitiveArrayNtNtB1s_5types9Int64TypeEENtB4_21NullableArrayAccessor8value_atB6_
FN:56,_RNvXs_NtCs2Zzx8WPYKXd_15otel_arrow_rust6arraysINtNtCs8sCtDi7t2F4_4core6option6OptionRNtNtNtCs5YmLTPZiaZu_11arrow_array5array13boolean_array12BooleanArrayENtB4_21NullableArrayAccessor8value_atB6_
FN:31,_RNvYINtNtCs8sCtDi7t2F4_4core6option6OptionINtNtCs2Zzx8WPYKXd_15otel_arrow_rust6arrays22MaybeDictArrayAccessorINtNtNtCs5YmLTPZiaZu_11arrow_array5array10byte_array16GenericByteArrayINtNtB1Q_5types17GenericStringTypelEEEENtBH_21NullableArrayAccessor19value_at_or_defaultBJ_
FN:31,_RNvYINtNtCs8sCtDi7t2F4_4core6option6OptionINtNtCs2Zzx8WPYKXd_15otel_arrow_rust6arrays22MaybeDictArrayAccessorINtNtNtCs5YmLTPZiaZu_11arrow_array5array15primitive_array14PrimitiveArrayNtNtB1Q_5types9Int32TypeEEENtBH_21NullableArrayAccessor19value_at_or_defaultBJ_
FN:31,_RNvYINtNtCs8sCtDi7t2F4_4core6option6OptionINtNtCs2Zzx8WPYKXd_15otel_arrow_rust6arrays22MaybeDictArrayAccessorINtNtNtCs5YmLTPZiaZu_11arrow_array5array15primitive_array14PrimitiveArrayNtNtB1Q_5types9Int64TypeEEENtBH_21NullableArrayAccessor19value_at_or_defaultBJ_
FN:31,_RNvYINtNtCs8sCtDi7t2F4_4core6option6OptionNtNtCs2Zzx8WPYKXd_15otel_arrow_rust6arrays17ByteArrayAccessorENtBG_21NullableArrayAccessor19value_at_or_defaultBI_
FN:31,_RNvYINtNtCs8sCtDi7t2F4_4core6option6OptionRINtNtNtCs5YmLTPZiaZu_11arrow_array5array15primitive_array14PrimitiveArrayNtNtBM_5types10UInt32TypeEENtNtCs2Zzx8WPYKXd_15otel_arrow_rust6arrays21NullableArrayAccessor19value_at_or_defaultB2l_
FN:31,_RNvYINtNtCs8sCtDi7t2F4_4core6option6OptionRINtNtNtCs5YmLTPZiaZu_11arrow_array5array15primitive_array14PrimitiveArrayNtNtBM_5types11Float64TypeEENtNtCs2Zzx8WPYKXd_15otel_arrow_rust6arrays21NullableArrayAccessor19value_at_or_defaultB2m_
FN:31,_RNvYINtNtCs8sCtDi7t2F4_4core6option6OptionRINtNtNtCs5YmLTPZiaZu_11arrow_array5array15primitive_array14PrimitiveArrayNtNtBM_5types23TimestampNanosecondTypeEENtNtCs2Zzx8WPYKXd_15otel_arrow_rust6arrays21NullableArrayAccessor19value_at_or_defaultB2y_
FN:31,_RNvYINtNtCs8sCtDi7t2F4_4core6option6OptionRINtNtNtCs5YmLTPZiaZu_11arrow_array5array15primitive_array14PrimitiveArrayNtNtBM_5types9Int64TypeEENtNtCs2Zzx8WPYKXd_15otel_arrow_rust6arrays21NullableArrayAccessor19value_at_or_defaultB2j_
FN:31,_RNvYINtNtCs8sCtDi7t2F4_4core6option6OptionRNtNtNtCs5YmLTPZiaZu_11arrow_array5array13boolean_array12BooleanArrayENtNtCs2Zzx8WPYKXd_15otel_arrow_rust6arrays21NullableArrayAccessor19value_at_or_defaultB1Q_
FN:45,_RNvXNtCs2Zzx8WPYKXd_15otel_arrow_rust6arraysRNtNtNtCs5YmLTPZiaZu_11arrow_array5array13boolean_array12BooleanArrayNtB2_21NullableArrayAccessor8value_atB4_
FN:103,_RNvXs3_NtCs2Zzx8WPYKXd_15otel_arrow_rust6arraysNtNtNtCs5YmLTPZiaZu_11arrow_array5array23fixed_size_binary_array20FixedSizeBinaryArrayNtB5_21NullableArrayAccessor8value_at
FN:79,_RNvXs1_NtCs2Zzx8WPYKXd_15otel_arrow_rust6arraysNtNtNtCs5YmLTPZiaZu_11arrow_array5array13boolean_array12BooleanArrayNtB5_21NullableArrayAccessor8value_at
FN:45,_RNvXNtCs2Zzx8WPYKXd_15otel_arrow_rust6arraysRNtNtNtCs5YmLTPZiaZu_11arrow_array5array23fixed_size_binary_array20FixedSizeBinaryArrayNtB2_21NullableArrayAccessor8value_atB4_
FNDA:0,_RNvXNtCs2Zzx8WPYKXd_15otel_arrow_rust6arraysRINtNtNtCs5YmLTPZiaZu_11arrow_array5array10byte_array16GenericByteArrayINtNtBO_5types17GenericBinaryTypelEENtB2_21NullableArrayAccessor8value_atB4_
FNDA:0,_RNvXNtCs2Zzx8WPYKXd_15otel_arrow_rust6arraysRINtNtNtCs5YmLTPZiaZu_11arrow_array5array10byte_array16GenericByteArrayINtNtBO_5types17GenericStringTypelEENtB2_21NullableArrayAccessor8value_atB4_
FNDA:0,_RNCNCNvNtCs2Zzx8WPYKXd_15otel_arrow_rust6arrays16get_i8_array_opt00B7_
FNDA:0,_RNCNCNvNtCs2Zzx8WPYKXd_15otel_arrow_rust6arrays16get_u8_array_opt00B7_
FNDA:0,_RNCNCNvNtCs2Zzx8WPYKXd_15otel_arrow_rust6arrays17get_f32_array_opt00B7_
FNDA:0,_RNCNCNvNtCs2Zzx8WPYKXd_15otel_arrow_rust6arrays17get_i16_array_opt00B7_
FNDA:0,_RNCNCNvNtCs2Zzx8WPYKXd_15otel_arrow_rust6arrays17get_i32_array_opt00B7_
FNDA:0,_RNCNCNvNtCs2Zzx8WPYKXd_15otel_arrow_rust6arrays17get_u16_array_opt00B7_
FNDA:0,_RNCNCNvNtCs2Zzx8WPYKXd_15otel_arrow_rust6arrays17get_u64_array_opt00B7_
FNDA:0,_RNCNCNvNtCs2Zzx8WPYKXd_15otel_arrow_rust6arrays20get_binary_array_opt00B7_
FNDA:0,_RNCNCNvNtCs2Zzx8WPYKXd_15otel_arrow_rust6arrays20get_string_array_opt00B7_
FNDA:0,_RNCNvNtCs2Zzx8WPYKXd_15otel_arrow_rust6arrays12get_i8_array0B5_
FNDA:0,_RNCNvNtCs2Zzx8WPYKXd_15otel_arrow_rust6arrays13get_f32_array0B5_
FNDA:0,_RNCNvNtCs2Zzx8WPYKXd_15otel_arrow_rust6arrays13get_i16_array0B5_
FNDA:0,_RNCNvNtCs2Zzx8WPYKXd_15otel_arrow_rust6arrays13get_i64_array0B5_
FNDA:0,_RNCNvNtCs2Zzx8WPYKXd_15otel_arrow_rust6arrays14get_bool_array0B5_
FNDA:0,_RNCNvNtCs2Zzx8WPYKXd_15otel_arrow_rust6arrays16get_binary_array0B5_
FNDA:0,_RNCNvNtCs2Zzx8WPYKXd_15otel_arrow_rust6arrays16get_i8_array_opt0B5_
FNDA:0,_RNCNvNtCs2Zzx8WPYKXd_15otel_arrow_rust6arrays16get_string_array0B5_
FNDA:0,_RNCNvNtCs2Zzx8WPYKXd_15otel_arrow_rust6arrays16get_u8_array_opt0B5_
FNDA:0,_RNCNvNtCs2Zzx8WPYKXd_15otel_arrow_rust6arrays17get_f32_array_opt0B5_
FNDA:0,_RNCNvNtCs2Zzx8WPYKXd_15otel_arrow_rust6arrays17get_i16_array_opt0B5_
FNDA:0,_RNCNvNtCs2Zzx8WPYKXd_15otel_arrow_rust6arrays17get_i32_array_opt0B5_
FNDA:0,_RNCNvNtCs2Zzx8WPYKXd_15otel_arrow_rust6arrays17get_u16_array_opt0B5_
FNDA:0,_RNCNvNtCs2Zzx8WPYKXd_15otel_arrow_rust6arrays17get_u64_array_opt0B5_
FNDA:0,_RNCNvNtCs2Zzx8WPYKXd_15otel_arrow_rust6arrays20get_binary_array_opt0B5_
FNDA:0,_RNCNvNtCs2Zzx8WPYKXd_15otel_arrow_rust6arrays20get_string_array_opt0B5_
FNDA:0,_RNvMsd_NtCs2Zzx8WPYKXd_15otel_arrow_rust6arraysINtB5_22MaybeDictArrayAccessorINtNtNtCs5YmLTPZiaZu_11arrow_array5array15primitive_array14PrimitiveArraypEE18try_new_for_columnB7_
FNDA:0,_RNvNtCs2Zzx8WPYKXd_15otel_arrow_rust6arrays12get_i8_array
FNDA:0,_RNvNtCs2Zzx8WPYKXd_15otel_arrow_rust6arrays13get_f32_array
FNDA:0,_RNvNtCs2Zzx8WPYKXd_15otel_arrow_rust6arrays13get_i16_array
FNDA:0,_RNvNtCs2Zzx8WPYKXd_15otel_arrow_rust6arrays13get_i64_array
FNDA:0,_RNvNtCs2Zzx8WPYKXd_15otel_arrow_rust6arrays14get_bool_array
FNDA:0,_RNvNtCs2Zzx8WPYKXd_15otel_arrow_rust6arrays16get_binary_array
FNDA:0,_RNvNtCs2Zzx8WPYKXd_15otel_arrow_rust6arrays16get_i8_array_opt
FNDA:0,_RNvNtCs2Zzx8WPYKXd_15otel_arrow_rust6arrays16get_string_array
FNDA:0,_RNvNtCs2Zzx8WPYKXd_15otel_arrow_rust6arrays16get_u8_array_opt
FNDA:0,_RNvNtCs2Zzx8WPYKXd_15otel_arrow_rust6arrays17get_f32_array_opt
FNDA:0,_RNvNtCs2Zzx8WPYKXd_15otel_arrow_rust6arrays17get_i16_array_opt
FNDA:0,_RNvNtCs2Zzx8WPYKXd_15otel_arrow_rust6arrays17get_i32_array_opt
FNDA:0,_RNvNtCs2Zzx8WPYKXd_15otel_arrow_rust6arrays17get_u16_array_opt
FNDA:0,_RNvNtCs2Zzx8WPYKXd_15otel_arrow_rust6arrays17get_u64_array_opt
FNDA:0,_RNvNtCs2Zzx8WPYKXd_15otel_arrow_rust6arrays20get_binary_array_opt
FNDA:0,_RNvNtCs2Zzx8WPYKXd_15otel_arrow_rust6arrays20get_string_array_opt
FNDA:0,_RNvXININtCs2Zzx8WPYKXd_15otel_arrow_rust6arrayss6_0pERINtNtNtCs5YmLTPZiaZu_11arrow_array5array16dictionary_array15DictionaryArraypENtB5_26NullableInt64ArrayAccessor6i64_atB7_
FNDA:0,_RNvXININtCs2Zzx8WPYKXd_15otel_arrow_rust6arrayss8_0pERINtNtNtCs5YmLTPZiaZu_11arrow_array5array16dictionary_array15DictionaryArraypENtB5_24NullableF64ArrayAccessor6f64_atB7_
FNDA:0,_RNvXs5_NtCs2Zzx8WPYKXd_15otel_arrow_rust6arraysRINtNtNtCs5YmLTPZiaZu_11arrow_array5array15primitive_array14PrimitiveArrayNtNtBR_5types9Int64TypeENtB5_26NullableInt64ArrayAccessor6i64_at
FNDA:0,_RNvXs7_NtCs2Zzx8WPYKXd_15otel_arrow_rust6arraysRINtNtNtCs5YmLTPZiaZu_11arrow_array5array15primitive_array14PrimitiveArrayNtNtBR_5types11Float64TypeENtB5_24NullableF64ArrayAccessor6f64_at
FNDA:0,_RNvMs9_NtCs2Zzx8WPYKXd_15otel_arrow_rust6arraysNtB5_17ByteArrayAccessor18try_new_for_column
FNDA:6,_RNvMs9_NtCs2Zzx8WPYKXd_15otel_arrow_rust6arraysNtB5_17ByteArrayAccessor7try_new
FNDA:2,_RNvMse_NtCs2Zzx8WPYKXd_15otel_arrow_rust6arraysINtB5_22MaybeDictArrayAccessorINtNtNtCs5YmLTPZiaZu_11arrow_array5array10byte_array16GenericByteArrayINtNtB1k_5types17GenericBinaryTypelEEE7try_new
FNDA:4,_RNvMsf_NtCs2Zzx8WPYKXd_15otel_arrow_rust6arraysINtB5_22MaybeDictArrayAccessorNtNtNtCs5YmLTPZiaZu_11arrow_array5array23fixed_size_binary_array20FixedSizeBinaryArrayE7try_new
FNDA:3,_RNvMsg_NtCs2Zzx8WPYKXd_15otel_arrow_rust6arraysINtB5_22MaybeDictArrayAccessorINtNtNtCs5YmLTPZiaZu_11arrow_array5array10byte_array16GenericByteArrayINtNtB1k_5types17GenericStringTypelEEE18try_new_for_column
FNDA:13,_RNvMsg_NtCs2Zzx8WPYKXd_15otel_arrow_rust6arraysINtB5_22MaybeDictArrayAccessorINtNtNtCs5YmLTPZiaZu_11arrow_array5array10byte_array16GenericByteArrayINtNtB1k_5types17GenericStringTypelEEE7try_new
FNDA:2,_RNvMsi_NtCs2Zzx8WPYKXd_15otel_arrow_rust6arraysNtB5_20StructColumnAccessor14bool_column_op
FNDA:11,_RNvMsi_NtCs2Zzx8WPYKXd_15otel_arrow_rust6arraysNtB5_20StructColumnAccessor16string_column_op
FNDA:4,_RNvMsi_NtCs2Zzx8WPYKXd_15otel_arrow_rust6arraysNtB5_20StructColumnAccessor20byte_array_column_op
FNDA:8,_RNvMsi_NtCs2Zzx8WPYKXd_15otel_arrow_rust6arraysNtB5_20StructColumnAccessor3new
FNDA:4,_RNvNtCs2Zzx8WPYKXd_15otel_arrow_rust6arrays12get_u8_array
FNDA:0,_RNvNtCs2Zzx8WPYKXd_15otel_arrow_rust6arrays13get_f64_array
FNDA:0,_RNvNtCs2Zzx8WPYKXd_15otel_arrow_rust6arrays13get_i32_array
FNDA:4,_RNvNtCs2Zzx8WPYKXd_15otel_arrow_rust6arrays13get_u16_array
FNDA:1,_RNvNtCs2Zzx8WPYKXd_15otel_arrow_rust6arrays13get_u32_array
FNDA:0,_RNvNtCs2Zzx8WPYKXd_15otel_arrow_rust6arrays13get_u64_array
FNDA:4,_RNvNtCs2Zzx8WPYKXd_15otel_arrow_rust6arrays17get_f64_array_opt
FNDA:1,_RNvNtCs2Zzx8WPYKXd_15otel_arrow_rust6arrays17get_i64_array_opt
FNDA:5,_RNvNtCs2Zzx8WPYKXd_15otel_arrow_rust6arrays17get_u32_array_opt
FNDA:4,_RNvNtCs2Zzx8WPYKXd_15otel_arrow_rust6arrays18get_bool_array_opt
FNDA:19,_RNvNtCs2Zzx8WPYKXd_15otel_arrow_rust6arrays18get_required_array
FNDA:1,_RNvNtCs2Zzx8WPYKXd_15otel_arrow_rust6arrays30get_timestamp_nanosecond_array
FNDA:5,_RNvNtCs2Zzx8WPYKXd_15otel_arrow_rust6arrays34get_timestamp_nanosecond_array_opt
FNDA:10,_RNvXsa_NtCs2Zzx8WPYKXd_15otel_arrow_rust6arraysNtB5_17ByteArrayAccessorNtB5_21NullableArrayAccessor8value_at
FNDA:4,_RNvXs2_NtCs2Zzx8WPYKXd_15otel_arrow_rust6arraysINtNtNtCs5YmLTPZiaZu_11arrow_array5array10byte_array16GenericByteArrayINtNtBQ_5types17GenericBinaryTypelEENtB5_21NullableArrayAccessor8value_at
FNDA:21,_RNvXs4_NtCs2Zzx8WPYKXd_15otel_arrow_rust6arraysINtNtNtCs5YmLTPZiaZu_11arrow_array5array10byte_array16GenericByteArrayINtNtBQ_5types17GenericStringTypelEENtB5_21NullableArrayAccessor8value_at
FNDA:3,_RINvMsi_NtCs2Zzx8WPYKXd_15otel_arrow_rust6arraysNtB6_20StructColumnAccessor16primitive_columnNtNtCs5YmLTPZiaZu_11arrow_array5types10UInt16TypeEB8_
FNDA:2,_RINvMsi_NtCs2Zzx8WPYKXd_15otel_arrow_rust6arraysNtB6_20StructColumnAccessor16primitive_columnNtNtCs5YmLTPZiaZu_11arrow_array5types9UInt8TypeEB8_
FNDA:6,_RINvMsi_NtCs2Zzx8WPYKXd_15otel_arrow_rust6arraysNtB6_20StructColumnAccessor19primitive_column_opNtNtCs5YmLTPZiaZu_11arrow_array5types10UInt16TypeEB8_
FNDA:6,_RINvMsi_NtCs2Zzx8WPYKXd_15otel_arrow_rust6arraysNtB6_20StructColumnAccessor19primitive_column_opNtNtCs5YmLTPZiaZu_11arrow_array5types10UInt32TypeEB8_
FNDA:2,_RINvMsi_NtCs2Zzx8WPYKXd_15otel_arrow_rust6arraysNtB6_20StructColumnAccessor19primitive_column_opNtNtCs5YmLTPZiaZu_11arrow_array5types11Float64TypeEB8_
FNDA:2,_RINvMsi_NtCs2Zzx8WPYKXd_15otel_arrow_rust6arraysNtB6_20StructColumnAccessor19primitive_column_opNtNtCs5YmLTPZiaZu_11arrow_array5types9Int64TypeEB8_
FNDA:2,_RINvMsi_NtCs2Zzx8WPYKXd_15otel_arrow_rust6arraysNtB6_20StructColumnAccessor19primitive_column_opNtNtCs5YmLTPZiaZu_11arrow_array5types9UInt8TypeEB8_
FNDA:0,_RNCINvMsi_NtCs2Zzx8WPYKXd_15otel_arrow_rust6arraysNtB8_20StructColumnAccessor16primitive_columnNtNtCs5YmLTPZiaZu_11arrow_array5types10UInt16TypeE0Ba_
FNDA:0,_RNCINvMsi_NtCs2Zzx8WPYKXd_15otel_arrow_rust6arraysNtB8_20StructColumnAccessor16primitive_columnNtNtCs5YmLTPZiaZu_11arrow_array5types9UInt8TypeE0Ba_
FNDA:6,_RNCINvMsi_NtCs2Zzx8WPYKXd_15otel_arrow_rust6arraysNtB8_20StructColumnAccessor19primitive_column_opNtNtCs5YmLTPZiaZu_11arrow_array5types10UInt16TypeE0Ba_
FNDA:0,_RNCINvMsi_NtCs2Zzx8WPYKXd_15otel_arrow_rust6arraysNtB8_20StructColumnAccessor19primitive_column_opNtNtCs5YmLTPZiaZu_11arrow_array5types10UInt32TypeE0Ba_
FNDA:0,_RNCINvMsi_NtCs2Zzx8WPYKXd_15otel_arrow_rust6arraysNtB8_20StructColumnAccessor19primitive_column_opNtNtCs5YmLTPZiaZu_11arrow_array5types11Float64TypeE0Ba_
FNDA:0,_RNCINvMsi_NtCs2Zzx8WPYKXd_15otel_arrow_rust6arraysNtB8_20StructColumnAccessor19primitive_column_opNtNtCs5YmLTPZiaZu_11arrow_array5types9Int64TypeE0Ba_
FNDA:2,_RNCINvMsi_NtCs2Zzx8WPYKXd_15otel_arrow_rust6arraysNtB8_20StructColumnAccessor19primitive_column_opNtNtCs5YmLTPZiaZu_11arrow_array5types9UInt8TypeE0Ba_
FNDA:0,_RNCNCINvMsi_NtCs2Zzx8WPYKXd_15otel_arrow_rust6arraysNtBa_20StructColumnAccessor19primitive_column_opNtNtCs5YmLTPZiaZu_11arrow_array5types10UInt16TypeE00Bc_
FNDA:0,_RNCNCINvMsi_NtCs2Zzx8WPYKXd_15otel_arrow_rust6arraysNtBa_20StructColumnAccessor19primitive_column_opNtNtCs5YmLTPZiaZu_11arrow_array5types10UInt32TypeE00Bc_
FNDA:0,_RNCNCINvMsi_NtCs2Zzx8WPYKXd_15otel_arrow_rust6arraysNtBa_20StructColumnAccessor19primitive_column_opNtNtCs5YmLTPZiaZu_11arrow_array5types11Float64TypeE00Bc_
FNDA:0,_RNCNCINvMsi_NtCs2Zzx8WPYKXd_15otel_arrow_rust6arraysNtBa_20StructColumnAccessor19primitive_column_opNtNtCs5YmLTPZiaZu_11arrow_array5types9Int64TypeE00Bc_
FNDA:0,_RNCNCINvMsi_NtCs2Zzx8WPYKXd_15otel_arrow_rust6arraysNtBa_20StructColumnAccessor19primitive_column_opNtNtCs5YmLTPZiaZu_11arrow_array5types9UInt8TypeE00Bc_
FNDA:0,_RNCNCNvMsi_NtCs2Zzx8WPYKXd_15otel_arrow_rust6arraysNtB9_20StructColumnAccessor14bool_column_op00Bb_
FNDA:0,_RNCNCNvNtCs2Zzx8WPYKXd_15otel_arrow_rust6arrays17get_f64_array_opt00B7_
FNDA:0,_RNCNCNvNtCs2Zzx8WPYKXd_15otel_arrow_rust6arrays17get_i64_array_opt00B7_
FNDA:0,_RNCNCNvNtCs2Zzx8WPYKXd_15otel_arrow_rust6arrays17get_u32_array_opt00B7_
FNDA:0,_RNCNCNvNtCs2Zzx8WPYKXd_15otel_arrow_rust6arrays18get_bool_array_opt00B7_
FNDA:0,_RNCNCNvNtCs2Zzx8WPYKXd_15otel_arrow_rust6arrays34get_timestamp_nanosecond_array_opt00B7_
FNDA:0,_RNCNvMsh_NtCs2Zzx8WPYKXd_15otel_arrow_rust6arraysINtB7_23DictionaryArrayAccessorNtNtCs5YmLTPZiaZu_11arrow_array5types10UInt16TypeINtNtNtB1k_5array10byte_array16GenericByteArrayINtB1i_17GenericBinaryTypelEEE3new0B9_
FNDA:0,_RNCNvMsh_NtCs2Zzx8WPYKXd_15otel_arrow_rust6arraysINtB7_23DictionaryArrayAccessorNtNtCs5YmLTPZiaZu_11arrow_array5types10UInt16TypeINtNtNtB1k_5array10byte_array16GenericByteArrayINtB1i_17GenericStringTypelEEE3new0B9_
FNDA:0,_RNCNvMsh_NtCs2Zzx8WPYKXd_15otel_arrow_rust6arraysINtB7_23DictionaryArrayAccessorNtNtCs5YmLTPZiaZu_11arrow_array5types10UInt16TypeINtNtNtB1k_5array15primitive_array14PrimitiveArrayB1g_EE3new0B9_
FNDA:0,_RNCNvMsh_NtCs2Zzx8WPYKXd_15otel_arrow_rust6arraysINtB7_23DictionaryArrayAccessorNtNtCs5YmLTPZiaZu_11arrow_array5types10UInt16TypeINtNtNtB1k_5array15primitive_array14PrimitiveArrayNtB1i_10UInt32TypeEE3new0B9_
FNDA:0,_RNCNvMsh_NtCs2Zzx8WPYKXd_15otel_arrow_rust6arraysINtB7_23DictionaryArrayAccessorNtNtCs5YmLTPZiaZu_11arrow_array5types10UInt16TypeINtNtNtB1k_5array15primitive_array14PrimitiveArrayNtB1i_9Int32TypeEE3new0B9_
FNDA:0,_RNCNvMsh_NtCs2Zzx8WPYKXd_15otel_arrow_rust6arraysINtB7_23DictionaryArrayAccessorNtNtCs5YmLTPZiaZu_11arrow_array5types10UInt16TypeINtNtNtB1k_5array15primitive_array14PrimitiveArrayNtB1i_9Int64TypeEE3new0B9_
FNDA:0,_RNCNvMsh_NtCs2Zzx8WPYKXd_15otel_arrow_rust6arraysINtB7_23DictionaryArrayAccessorNtNtCs5YmLTPZiaZu_11arrow_array5types10UInt16TypeNtNtNtB1k_5array23fixed_size_binary_array20FixedSizeBinaryArrayE3new0B9_
FNDA:0,_RNCNvMsh_NtCs2Zzx8WPYKXd_15otel_arrow_rust6arraysINtB7_23DictionaryArrayAccessorNtNtCs5YmLTPZiaZu_11arrow_array5types9UInt8TypeINtNtNtB1k_5array10byte_array16GenericByteArrayINtB1i_17GenericBinaryTypelEEE3new0B9_
FNDA:0,_RNCNvMsh_NtCs2Zzx8WPYKXd_15otel_arrow_rust6arraysINtB7_23DictionaryArrayAccessorNtNtCs5YmLTPZiaZu_11arrow_array5types9UInt8TypeINtNtNtB1k_5array10byte_array16GenericByteArrayINtB1i_17GenericStringTypelEEE3new0B9_
FNDA:0,_RNCNvMsh_NtCs2Zzx8WPYKXd_15otel_arrow_rust6arraysINtB7_23DictionaryArrayAccessorNtNtCs5YmLTPZiaZu_11arrow_array5types9UInt8TypeINtNtNtB1k_5array15primitive_array14PrimitiveArrayNtB1i_10UInt16TypeEE3new0B9_
FNDA:0,_RNCNvMsh_NtCs2Zzx8WPYKXd_15otel_arrow_rust6arraysINtB7_23DictionaryArrayAccessorNtNtCs5YmLTPZiaZu_11arrow_array5types9UInt8TypeINtNtNtB1k_5array15primitive_array14PrimitiveArrayNtB1i_10UInt32TypeEE3new0B9_
FNDA:0,_RNCNvMsh_NtCs2Zzx8WPYKXd_15otel_arrow_rust6arraysINtB7_23DictionaryArrayAccessorNtNtCs5YmLTPZiaZu_11arrow_array5types9UInt8TypeINtNtNtB1k_5array15primitive_array14PrimitiveArrayNtB1i_9Int32TypeEE3new0B9_
FNDA:0,_RNCNvMsh_NtCs2Zzx8WPYKXd_15otel_arrow_rust6arraysINtB7_23DictionaryArrayAccessorNtNtCs5YmLTPZiaZu_11arrow_array5types9UInt8TypeINtNtNtB1k_5array15primitive_array14PrimitiveArrayNtB1i_9Int64TypeEE3new0B9_
FNDA:0,_RNCNvMsh_NtCs2Zzx8WPYKXd_15otel_arrow_rust6arraysINtB7_23DictionaryArrayAccessorNtNtCs5YmLTPZiaZu_11arrow_array5types9UInt8TypeNtNtNtB1k_5array23fixed_size_binary_array20FixedSizeBinaryArrayE3new0B9_
FNDA:0,_RNCNvMsi_NtCs2Zzx8WPYKXd_15otel_arrow_rust6arraysNtB7_20StructColumnAccessor14bool_column_op0B9_
FNDA:0,_RNCNvNtCs2Zzx8WPYKXd_15otel_arrow_rust6arrays12get_u8_array0B5_
FNDA:0,_RNCNvNtCs2Zzx8WPYKXd_15otel_arrow_rust6arrays13get_f64_array0B5_
FNDA:0,_RNCNvNtCs2Zzx8WPYKXd_15otel_arrow_rust6arrays13get_i32_array0B5_
FNDA:0,_RNCNvNtCs2Zzx8WPYKXd_15otel_arrow_rust6arrays13get_u16_array0B5_
FNDA:0,_RNCNvNtCs2Zzx8WPYKXd_15otel_arrow_rust6arrays13get_u32_array0B5_
FNDA:0,_RNCNvNtCs2Zzx8WPYKXd_15otel_arrow_rust6arrays13get_u64_array0B5_
FNDA:1,_RNCNvNtCs2Zzx8WPYKXd_15otel_arrow_rust6arrays17get_f64_array_opt0B5_
FNDA:0,_RNCNvNtCs2Zzx8WPYKXd_15otel_arrow_rust6arrays17get_i64_array_opt0B5_
FNDA:0,_RNCNvNtCs2Zzx8WPYKXd_15otel_arrow_rust6arrays17get_u32_array_opt0B5_
FNDA:0,_RNCNvNtCs2Zzx8WPYKXd_15otel_arrow_rust6arrays18get_bool_array_opt0B5_
FNDA:0,_RNCNvNtCs2Zzx8WPYKXd_15otel_arrow_rust6arrays30get_timestamp_nanosecond_array0B5_
FNDA:5,_RNCNvNtCs2Zzx8WPYKXd_15otel_arrow_rust6arrays34get_timestamp_nanosecond_array_opt0B5_
FNDA:12,_RNCNvXs_NtCs2Zzx8WPYKXd_15otel_arrow_rust6arraysINtNtCs8sCtDi7t2F4_4core6option6OptionINtB6_22MaybeDictArrayAccessorINtNtNtCs5YmLTPZiaZu_11arrow_array5array10byte_array16GenericByteArrayINtNtB1X_5types17GenericStringTypelEEEENtB6_21NullableArrayAccessor8value_at0B8_
FNDA:3,_RNCNvXs_NtCs2Zzx8WPYKXd_15otel_arrow_rust6arraysINtNtCs8sCtDi7t2F4_4core6option6OptionINtB6_22MaybeDictArrayAccessorINtNtNtCs5YmLTPZiaZu_11arrow_array5array15primitive_array14PrimitiveArrayNtNtB1X_5types9Int32TypeEEENtB6_21NullableArrayAccessor8value_at0B8_
FNDA:0,_RNCNvXs_NtCs2Zzx8WPYKXd_15otel_arrow_rust6arraysINtNtCs8sCtDi7t2F4_4core6option6OptionINtB6_22MaybeDictArrayAccessorINtNtNtCs5YmLTPZiaZu_11arrow_array5array15primitive_array14PrimitiveArrayNtNtB1X_5types9Int64TypeEEENtB6_21NullableArrayAccessor8value_at0B8_
FNDA:10,_RNCNvXs_NtCs2Zzx8WPYKXd_15otel_arrow_rust6arraysINtNtCs8sCtDi7t2F4_4core6option6OptionNtB6_17ByteArrayAccessorENtB6_21NullableArrayAccessor8value_at0B8_
FNDA:3,_RNCNvXs_NtCs2Zzx8WPYKXd_15otel_arrow_rust6arraysINtNtCs8sCtDi7t2F4_4core6option6OptionNtNtNtB8_4otlp4logs13LogBodyArraysENtB6_21NullableArrayAccessor8value_at0B8_
FNDA:4,_RNCNvXs_NtCs2Zzx8WPYKXd_15otel_arrow_rust6arraysINtNtCs8sCtDi7t2F4_4core6option6OptionRINtNtNtCs5YmLTPZiaZu_11arrow_array5array15primitive_array14PrimitiveArrayNtNtB1u_5types10UInt16TypeEENtB6_21NullableArrayAccessor8value_at0B8_
FNDA:0,_RNCNvXs_NtCs2Zzx8WPYKXd_15otel_arrow_rust6arraysINtNtCs8sCtDi7t2F4_4core6option6OptionRINtNtNtCs5YmLTPZiaZu_11arrow_array5array15primitive_array14PrimitiveArrayNtNtB1u_5types10UInt32TypeEENtB6_21NullableArrayAccessor8value_at0B8_
FNDA:1,_RNCNvXs_NtCs2Zzx8WPYKXd_15otel_arrow_rust6arraysINtNtCs8sCtDi7t2F4_4core6option6OptionRINtNtNtCs5YmLTPZiaZu_11arrow_array5array15primitive_array14PrimitiveArrayNtNtB1u_5types11Float64TypeEENtB6_21NullableArrayAccessor8value_at0B8_
FNDA:7,_RNCNvXs_NtCs2Zzx8WPYKXd_15otel_arrow_rust6arraysINtNtCs8sCtDi7t2F4_4core6option6OptionRINtNtNtCs5YmLTPZiaZu_11arrow_array5array15primitive_array14PrimitiveArrayNtNtB1u_5types23TimestampNanosecondTypeEENtB6_21NullableArrayAccessor8value_at0B8_
FNDA:0,_RNCNvXs_NtCs2Zzx8WPYKXd_15otel_arrow_rust6arraysINtNtCs8sCtDi7t2F4_4core6option6OptionRINtNtNtCs5YmLTPZiaZu_11arrow_array5array15primitive_array14PrimitiveArrayNtNtB1u_5types9Int64TypeEENtB6_21NullableArrayAccessor8value_at0B8_
FNDA:0,_RNCNvXs_NtCs2Zzx8WPYKXd_15otel_arrow_rust6arraysINtNtCs8sCtDi7t2F4_4core6option6OptionRNtNtNtCs5YmLTPZiaZu_11arrow_array5array13boolean_array12BooleanArrayENtB6_21NullableArrayAccessor8value_at0B8_
FNDA:2,_RNvMsc_NtCs2Zzx8WPYKXd_15otel_arrow_rust6arraysINtB5_22MaybeDictArrayAccessorINtNtNtCs5YmLTPZiaZu_11arrow_array5array10byte_array16GenericByteArrayINtNtB1k_5types17GenericBinaryTypelEEE21try_new_with_datatypeB7_
FNDA:13,_RNvMsc_NtCs2Zzx8WPYKXd_15otel_arrow_rust6arraysINtB5_22MaybeDictArrayAccessorINtNtNtCs5YmLTPZiaZu_11arrow_array5array10byte_array16GenericByteArrayINtNtB1k_5types17GenericStringTypelEEE21try_new_with_datatypeB7_
FNDA:5,_RNvMsc_NtCs2Zzx8WPYKXd_15otel_arrow_rust6arraysINtB5_22MaybeDictArrayAccessorINtNtNtCs5YmLTPZiaZu_11arrow_array5array15primitive_array14PrimitiveArrayNtNtB1k_5types10UInt16TypeEE21try_new_with_datatypeB7_
FNDA:1,_RNvMsc_NtCs2Zzx8WPYKXd_15otel_arrow_rust6arraysINtB5_22MaybeDictArrayAccessorINtNtNtCs5YmLTPZiaZu_11arrow_array5array15primitive_array14PrimitiveArrayNtNtB1k_5types10UInt32TypeEE21try_new_with_datatypeB7_
FNDA:2,_RNvMsc_NtCs2Zzx8WPYKXd_15otel_arrow_rust6arraysINtB5_22MaybeDictArrayAccessorINtNtNtCs5YmLTPZiaZu_11arrow_array5array15primitive_array14PrimitiveArrayNtNtB1k_5types9Int32TypeEE21try_new_with_datatypeB7_
FNDA:0,_RNvMsc_NtCs2Zzx8WPYKXd_15otel_arrow_rust6arraysINtB5_22MaybeDictArrayAccessorINtNtNtCs5YmLTPZiaZu_11arrow_array5array15primitive_array14PrimitiveArrayNtNtB1k_5types9Int64TypeEE21try_new_with_datatypeB7_
FNDA:4,_RNvMsc_NtCs2Zzx8WPYKXd_15otel_arrow_rust6arraysINtB5_22MaybeDictArrayAccessorNtNtNtCs5YmLTPZiaZu_11arrow_array5array23fixed_size_binary_array20FixedSizeBinaryArrayE21try_new_with_datatypeB7_
FNDA:5,_RNvMsd_NtCs2Zzx8WPYKXd_15otel_arrow_rust6arraysINtB5_22MaybeDictArrayAccessorINtNtNtCs5YmLTPZiaZu_11arrow_array5array15primitive_array14PrimitiveArrayNtNtB1k_5types10UInt16TypeEE7try_newB7_
FNDA:1,_RNvMsd_NtCs2Zzx8WPYKXd_15otel_arrow_rust6arraysINtB5_22MaybeDictArrayAccessorINtNtNtCs5YmLTPZiaZu_11arrow_array5array15primitive_array14PrimitiveArrayNtNtB1k_5types10UInt32TypeEE7try_newB7_
FNDA:2,_RNvMsd_NtCs2Zzx8WPYKXd_15otel_arrow_rust6arraysINtB5_22MaybeDictArrayAccessorINtNtNtCs5YmLTPZiaZu_11arrow_array5array15primitive_array14PrimitiveArrayNtNtB1k_5types9Int32TypeEE7try_newB7_
FNDA:0,_RNvMsd_NtCs2Zzx8WPYKXd_15otel_arrow_rust6arraysINtB5_22MaybeDictArrayAccessorINtNtNtCs5YmLTPZiaZu_11arrow_array5array15primitive_array14PrimitiveArrayNtNtB1k_5types9Int64TypeEE7try_newB7_
FNDA:2,_RNvMsh_NtCs2Zzx8WPYKXd_15otel_arrow_rust6arraysINtB5_23DictionaryArrayAccessorNtNtCs5YmLTPZiaZu_11arrow_array5types10UInt16TypeINtNtNtB1i_5array10byte_array16GenericByteArrayINtB1g_17GenericBinaryTypelEEE3newB7_
FNDA:4,_RNvMsh_NtCs2Zzx8WPYKXd_15otel_arrow_rust6arraysINtB5_23DictionaryArrayAccessorNtNtCs5YmLTPZiaZu_11arrow_array5types10UInt16TypeINtNtNtB1i_5array10byte_array16GenericByteArrayINtB1g_17GenericBinaryTypelEEE8value_atB7_
FNDA:5,_RNvMsh_NtCs2Zzx8WPYKXd_15otel_arrow_rust6arraysINtB5_23DictionaryArrayAccessorNtNtCs5YmLTPZiaZu_11arrow_array5types10UInt16TypeINtNtNtB1i_5array10byte_array16GenericByteArrayINtB1g_17GenericStringTypelEEE3newB7_
FNDA:9,_RNvMsh_NtCs2Zzx8WPYKXd_15otel_arrow_rust6arraysINtB5_23DictionaryArrayAccessorNtNtCs5YmLTPZiaZu_11arrow_array5types10UInt16TypeINtNtNtB1i_5array10byte_array16GenericByteArrayINtB1g_17GenericStringTypelEEE8value_atB7_
FNDA:0,_RNvMsh_NtCs2Zzx8WPYKXd_15otel_arrow_rust6arraysINtB5_23DictionaryArrayAccessorNtNtCs5YmLTPZiaZu_11arrow_array5types10UInt16TypeINtNtNtB1i_5array15primitive_array14PrimitiveArrayB1e_EE3newB7_
FNDA:0,_RNvMsh_NtCs2Zzx8WPYKXd_15otel_arrow_rust6arraysINtB5_23DictionaryArrayAccessorNtNtCs5YmLTPZiaZu_11arrow_array5types10UInt16TypeINtNtNtB1i_5array15primitive_array14PrimitiveArrayB1e_EE8value_atB7_
FNDA:0,_RNvMsh_NtCs2Zzx8WPYKXd_15otel_arrow_rust6arraysINtB5_23DictionaryArrayAccessorNtNtCs5YmLTPZiaZu_11arrow_array5types10UInt16TypeINtNtNtB1i_5array15primitive_array14PrimitiveArrayNtB1g_10UInt32TypeEE3newB7_
FNDA:0,_RNvMsh_NtCs2Zzx8WPYKXd_15otel_arrow_rust6arraysINtB5_23DictionaryArrayAccessorNtNtCs5YmLTPZiaZu_11arrow_array5types10UInt16TypeINtNtNtB1i_5array15primitive_array14PrimitiveArrayNtB1g_10UInt32TypeEE8value_atB7_
FNDA:0,_RNvMsh_NtCs2Zzx8WPYKXd_15otel_arrow_rust6arraysINtB5_23DictionaryArrayAccessorNtNtCs5YmLTPZiaZu_11arrow_array5types10UInt16TypeINtNtNtB1i_5array15primitive_array14PrimitiveArrayNtB1g_9Int32TypeEE3newB7_
FNDA:0,_RNvMsh_NtCs2Zzx8WPYKXd_15otel_arrow_rust6arraysINtB5_23DictionaryArrayAccessorNtNtCs5YmLTPZiaZu_11arrow_array5types10UInt16TypeINtNtNtB1i_5array15primitive_array14PrimitiveArrayNtB1g_9Int32TypeEE8value_atB7_
FNDA:0,_RNvMsh_NtCs2Zzx8WPYKXd_15otel_arrow_rust6arraysINtB5_23DictionaryArrayAccessorNtNtCs5YmLTPZiaZu_11arrow_array5types10UInt16TypeINtNtNtB1i_5array15primitive_array14PrimitiveArrayNtB1g_9Int64TypeEE3newB7_
FNDA:0,_RNvMsh_NtCs2Zzx8WPYKXd_15otel_arrow_rust6arraysINtB5_23DictionaryArrayAccessorNtNtCs5YmLTPZiaZu_11arrow_array5types10UInt16TypeINtNtNtB1i_5array15primitive_array14PrimitiveArrayNtB1g_9Int64TypeEE8value_atB7_
FNDA:0,_RNvMsh_NtCs2Zzx8WPYKXd_15otel_arrow_rust6arraysINtB5_23DictionaryArrayAccessorNtNtCs5YmLTPZiaZu_11arrow_array5types10UInt16TypeNtNtNtB1i_5array23fixed_size_binary_array20FixedSizeBinaryArrayE3newB7_
FNDA:0,_RNvMsh_NtCs2Zzx8WPYKXd_15otel_arrow_rust6arraysINtB5_23DictionaryArrayAccessorNtNtCs5YmLTPZiaZu_11arrow_array5types10UInt16TypeNtNtNtB1i_5array23fixed_size_binary_array20FixedSizeBinaryArrayE8value_atB7_
FNDA:0,_RNvMsh_NtCs2Zzx8WPYKXd_15otel_arrow_rust6arraysINtB5_23DictionaryArrayAccessorNtNtCs5YmLTPZiaZu_11arrow_array5types9UInt8TypeINtNtNtB1i_5array10byte_array16GenericByteArrayINtB1g_17GenericBinaryTypelEEE3newB7_
FNDA:0,_RNvMsh_NtCs2Zzx8WPYKXd_15otel_arrow_rust6arraysINtB5_23DictionaryArrayAccessorNtNtCs5YmLTPZiaZu_11arrow_array5types9UInt8TypeINtNtNtB1i_5array10byte_array16GenericByteArrayINtB1g_17GenericBinaryTypelEEE8value_atB7_
FNDA:8,_RNvMsh_NtCs2Zzx8WPYKXd_15otel_arrow_rust6arraysINtB5_23DictionaryArrayAccessorNtNtCs5YmLTPZiaZu_11arrow_array5types9UInt8TypeINtNtNtB1i_5array10byte_array16GenericByteArrayINtB1g_17GenericStringTypelEEE3newB7_
FNDA:12,_RNvMsh_NtCs2Zzx8WPYKXd_15otel_arrow_rust6arraysINtB5_23DictionaryArrayAccessorNtNtCs5YmLTPZiaZu_11arrow_array5types9UInt8TypeINtNtNtB1i_5array10byte_array16GenericByteArrayINtB1g_17GenericStringTypelEEE8value_atB7_
FNDA:0,_RNvMsh_NtCs2Zzx8WPYKXd_15otel_arrow_rust6arraysINtB5_23DictionaryArrayAccessorNtNtCs5YmLTPZiaZu_11arrow_array5types9UInt8TypeINtNtNtB1i_5array15primitive_array14PrimitiveArrayNtB1g_10UInt16TypeEE3newB7_
FNDA:0,_RNvMsh_NtCs2Zzx8WPYKXd_15otel_arrow_rust6arraysINtB5_23DictionaryArrayAccessorNtNtCs5YmLTPZiaZu_11arrow_array5types9UInt8TypeINtNtNtB1i_5array15primitive_array14PrimitiveArrayNtB1g_10UInt16TypeEE8value_atB7_
FNDA:1,_RNvMsh_NtCs2Zzx8WPYKXd_15otel_arrow_rust6arraysINtB5_23DictionaryArrayAccessorNtNtCs5YmLTPZiaZu_11arrow_array5types9UInt8TypeINtNtNtB1i_5array15primitive_array14PrimitiveArrayNtB1g_10UInt32TypeEE3newB7_
FNDA:1,_RNvMsh_NtCs2Zzx8WPYKXd_15otel_arrow_rust6arraysINtB5_23DictionaryArrayAccessorNtNtCs5YmLTPZiaZu_11arrow_array5types9UInt8TypeINtNtNtB1i_5array15primitive_array14PrimitiveArrayNtB1g_10UInt32TypeEE8value_atB7_
FNDA:2,_RNvMsh_NtCs2Zzx8WPYKXd_15otel_arrow_rust6arraysINtB5_23DictionaryArrayAccessorNtNtCs5YmLTPZiaZu_11arrow_array5types9UInt8TypeINtNtNtB1i_5array15primitive_array14PrimitiveArrayNtB1g_9Int32TypeEE3newB7_
FNDA:3,_RNvMsh_NtCs2Zzx8WPYKXd_15otel_arrow_rust6arraysINtB5_23DictionaryArrayAccessorNtNtCs5YmLTPZiaZu_11arrow_array5types9UInt8TypeINtNtNtB1i_5array15primitive_array14PrimitiveArrayNtB1g_9Int32TypeEE8value_atB7_
FNDA:0,_RNvMsh_NtCs2Zzx8WPYKXd_15otel_arrow_rust6arraysINtB5_23DictionaryArrayAccessorNtNtCs5YmLTPZiaZu_11arrow_array5types9UInt8TypeINtNtNtB1i_5array15primitive_array14PrimitiveArrayNtB1g_9Int64TypeEE3newB7_
FNDA:0,_RNvMsh_NtCs2Zzx8WPYKXd_15otel_arrow_rust6arraysINtB5_23DictionaryArrayAccessorNtNtCs5YmLTPZiaZu_11arrow_array5types9UInt8TypeINtNtNtB1i_5array15primitive_array14PrimitiveArrayNtB1g_9Int64TypeEE8value_atB7_
FNDA:4,_RNvMsh_NtCs2Zzx8WPYKXd_15otel_arrow_rust6arraysINtB5_23DictionaryArrayAccessorNtNtCs5YmLTPZiaZu_11arrow_array5types9UInt8TypeNtNtNtB1i_5array23fixed_size_binary_array20FixedSizeBinaryArrayE3newB7_
FNDA:6,_RNvMsh_NtCs2Zzx8WPYKXd_15otel_arrow_rust6arraysINtB5_23DictionaryArrayAccessorNtNtCs5YmLTPZiaZu_11arrow_array5types9UInt8TypeNtNtNtB1i_5array23fixed_size_binary_array20FixedSizeBinaryArrayE8value_atB7_
FNDA:4,_RNvXsb_NtCs2Zzx8WPYKXd_15otel_arrow_rust6arraysINtB5_22MaybeDictArrayAccessorINtNtNtCs5YmLTPZiaZu_11arrow_array5array10byte_array16GenericByteArrayINtNtB1k_5types17GenericBinaryTypelEEENtB5_21NullableArrayAccessor8value_atB7_
FNDA:21,_RNvXsb_NtCs2Zzx8WPYKXd_15otel_arrow_rust6arraysINtB5_22MaybeDictArrayAccessorINtNtNtCs5YmLTPZiaZu_11arrow_array5array10byte_array16GenericByteArrayINtNtB1k_5types17GenericStringTypelEEENtB5_21NullableArrayAccessor8value_atB7_
FNDA:5,_RNvXsb_NtCs2Zzx8WPYKXd_15otel_arrow_rust6arraysINtB5_22MaybeDictArrayAccessorINtNtNtCs5YmLTPZiaZu_11arrow_array5array15primitive_array14PrimitiveArrayNtNtB1k_5types10UInt16TypeEENtB5_21NullableArrayAccessor8value_atB7_
FNDA:1,_RNvXsb_NtCs2Zzx8WPYKXd_15otel_arrow_rust6arraysINtB5_22MaybeDictArrayAccessorINtNtNtCs5YmLTPZiaZu_11arrow_array5array15primitive_array14PrimitiveArrayNtNtB1k_5types10UInt32TypeEENtB5_21NullableArrayAccessor8value_atB7_
FNDA:3,_RNvXsb_NtCs2Zzx8WPYKXd_15otel_arrow_rust6arraysINtB5_22MaybeDictArrayAccessorINtNtNtCs5YmLTPZiaZu_11arrow_array5array15primitive_array14PrimitiveArrayNtNtB1k_5types9Int32TypeEENtB5_21NullableArrayAccessor8value_atB7_
FNDA:0,_RNvXsb_NtCs2Zzx8WPYKXd_15otel_arrow_rust6arraysINtB5_22MaybeDictArrayAccessorINtNtNtCs5YmLTPZiaZu_11arrow_array5array15primitive_array14PrimitiveArrayNtNtB1k_5types9Int64TypeEENtB5_21NullableArrayAccessor8value_atB7_
FNDA:6,_RNvXsb_NtCs2Zzx8WPYKXd_15otel_arrow_rust6arraysINtB5_22MaybeDictArrayAccessorNtNtNtCs5YmLTPZiaZu_11arrow_array5array23fixed_size_binary_array20FixedSizeBinaryArrayENtB5_21NullableArrayAccessor8value_atB7_
FNDA:5,_RNvYINtNtCs2Zzx8WPYKXd_15otel_arrow_rust6arrays22MaybeDictArrayAccessorINtNtNtCs5YmLTPZiaZu_11arrow_array5array15primitive_array14PrimitiveArrayNtNtB1e_5types10UInt16TypeEENtB5_21NullableArrayAccessor19value_at_or_defaultB7_
FNDA:1,_RNvYINtNtCs2Zzx8WPYKXd_15otel_arrow_rust6arrays22MaybeDictArrayAccessorINtNtNtCs5YmLTPZiaZu_11arrow_array5array15primitive_array14PrimitiveArrayNtNtB1e_5types10UInt32TypeEENtB5_21NullableArrayAccessor19value_at_or_defaultB7_
FNDA:0,_RNvYNtNtCs2Zzx8WPYKXd_15otel_arrow_rust6arrays17ByteArrayAccessorNtB4_21NullableArrayAccessor19value_at_or_defaultB6_
FNDA:9,_RNvXNtCs2Zzx8WPYKXd_15otel_arrow_rust6arraysRINtNtNtCs5YmLTPZiaZu_11arrow_array5array15primitive_array14PrimitiveArrayNtNtBO_5types10UInt16TypeENtB2_21NullableArrayAccessor8value_atB4_
FNDA:0,_RNvXNtCs2Zzx8WPYKXd_15otel_arrow_rust6arraysRINtNtNtCs5YmLTPZiaZu_11arrow_array5array15primitive_array14PrimitiveArrayNtNtBO_5types10UInt32TypeENtB2_21NullableArrayAccessor8value_atB4_
FNDA:1,_RNvXNtCs2Zzx8WPYKXd_15otel_arrow_rust6arraysRINtNtNtCs5YmLTPZiaZu_11arrow_array5array15primitive_array14PrimitiveArrayNtNtBO_5types11Float64TypeENtB2_21NullableArrayAccessor8value_atB4_
FNDA:7,_RNvXNtCs2Zzx8WPYKXd_15otel_arrow_rust6arraysRINtNtNtCs5YmLTPZiaZu_11arrow_array5array15primitive_array14PrimitiveArrayNtNtBO_5types23TimestampNanosecondTypeENtB2_21NullableArrayAccessor8value_atB4_
FNDA:0,_RNvXNtCs2Zzx8WPYKXd_15otel_arrow_rust6arraysRINtNtNtCs5YmLTPZiaZu_11arrow_array5array15primitive_array14PrimitiveArrayNtNtBO_5types9Int32TypeENtB2_21NullableArrayAccessor8value_atB4_
FNDA:0,_RNvXNtCs2Zzx8WPYKXd_15otel_arrow_rust6arraysRINtNtNtCs5YmLTPZiaZu_11arrow_array5array15primitive_array14PrimitiveArrayNtNtBO_5types9Int64TypeENtB2_21NullableArrayAccessor8value_atB4_
FNDA:21,_RNvXs0_NtCs2Zzx8WPYKXd_15otel_arrow_rust6arraysINtNtNtCs5YmLTPZiaZu_11arrow_array5array15primitive_array14PrimitiveArrayNtNtBQ_5types10UInt16TypeENtB5_21NullableArrayAccessor8value_atB7_
FNDA:2,_RNvXs0_NtCs2Zzx8WPYKXd_15otel_arrow_rust6arraysINtNtNtCs5YmLTPZiaZu_11arrow_array5array15primitive_array14PrimitiveArrayNtNtBQ_5types10UInt32TypeENtB5_21NullableArrayAccessor8value_atB7_
FNDA:0,_RNvXs0_NtCs2Zzx8WPYKXd_15otel_arrow_rust6arraysINtNtNtCs5YmLTPZiaZu_11arrow_array5array15primitive_array14PrimitiveArrayNtNtBQ_5types10UInt64TypeENtB5_21NullableArrayAccessor8value_atB7_
FNDA:1,_RNvXs0_NtCs2Zzx8WPYKXd_15otel_arrow_rust6arraysINtNtNtCs5YmLTPZiaZu_11arrow_array5array15primitive_array14PrimitiveArrayNtNtBQ_5types11Float64TypeENtB5_21NullableArrayAccessor8value_atB7_
FNDA:8,_RNvXs0_NtCs2Zzx8WPYKXd_15otel_arrow_rust6arraysINtNtNtCs5YmLTPZiaZu_11arrow_array5array15primitive_array14PrimitiveArrayNtNtBQ_5types23TimestampNanosecondTypeENtB5_21NullableArrayAccessor8value_atB7_
FNDA:3,_RNvXs0_NtCs2Zzx8WPYKXd_15otel_arrow_rust6arraysINtNtNtCs5YmLTPZiaZu_11arrow_array5array15primitive_array14PrimitiveArrayNtNtBQ_5types9Int32TypeENtB5_21NullableArrayAccessor8value_atB7_
FNDA:0,_RNvXs0_NtCs2Zzx8WPYKXd_15otel_arrow_rust6arraysINtNtNtCs5YmLTPZiaZu_11arrow_array5array15primitive_array14PrimitiveArrayNtNtBQ_5types9Int64TypeENtB5_21NullableArrayAccessor8value_atB7_
FNDA:10,_RNvXs0_NtCs2Zzx8WPYKXd_15otel_arrow_rust6arraysINtNtNtCs5YmLTPZiaZu_11arrow_array5array15primitive_array14PrimitiveArrayNtNtBQ_5types9UInt8TypeENtB5_21NullableArrayAccessor8value_atB7_
FNDA:4,_RNvYINtNtNtCs5YmLTPZiaZu_11arrow_array5array15primitive_array14PrimitiveArrayNtNtB9_5types10UInt16TypeENtNtCs2Zzx8WPYKXd_15otel_arrow_rust6arrays21NullableArrayAccessor19value_at_or_defaultB1H_
FNDA:0,_RNvYINtNtNtCs5YmLTPZiaZu_11arrow_array5array15primitive_array14PrimitiveArrayNtNtB9_5types10UInt32TypeENtNtCs2Zzx8WPYKXd_15otel_arrow_rust6arrays21NullableArrayAccessor19value_at_or_defaultB1H_
FNDA:0,_RNvYINtNtNtCs5YmLTPZiaZu_11arrow_array5array15primitive_array14PrimitiveArrayNtNtB9_5types10UInt64TypeENtNtCs2Zzx8WPYKXd_15otel_arrow_rust6arrays21NullableArrayAccessor19value_at_or_defaultB1H_
FNDA:0,_RNvYINtNtNtCs5YmLTPZiaZu_11arrow_array5array15primitive_array14PrimitiveArrayNtNtB9_5types11Float64TypeENtNtCs2Zzx8WPYKXd_15otel_arrow_rust6arrays21NullableArrayAccessor19value_at_or_defaultB1I_
FNDA:0,_RNvYINtNtNtCs5YmLTPZiaZu_11arrow_array5array15primitive_array14PrimitiveArrayNtNtB9_5types23TimestampNanosecondTypeENtNtCs2Zzx8WPYKXd_15otel_arrow_rust6arrays21NullableArrayAccessor19value_at_or_defaultB1U_
FNDA:0,_RNvYINtNtNtCs5YmLTPZiaZu_11arrow_array5array15primitive_array14PrimitiveArrayNtNtB9_5types9Int32TypeENtNtCs2Zzx8WPYKXd_15otel_arrow_rust6arrays21NullableArrayAccessor19value_at_or_defaultB1F_
FNDA:10,_RNvYINtNtNtCs5YmLTPZiaZu_11arrow_array5array15primitive_array14PrimitiveArrayNtNtB9_5types9UInt8TypeENtNtCs2Zzx8WPYKXd_15otel_arrow_rust6arrays21NullableArrayAccessor19value_at_or_defaultB1F_
FNDA:1,_RNvNtNtCs2Zzx8WPYKXd_15otel_arrow_rust6arrays5testss_24test_dictionary_accessor
FNDA:24,_RNvXs_NtCs2Zzx8WPYKXd_15otel_arrow_rust6arraysINtNtCs8sCtDi7t2F4_4core6option6OptionINtB4_22MaybeDictArrayAccessorINtNtNtCs5YmLTPZiaZu_11arrow_array5array10byte_array16GenericByteArrayINtNtB1V_5types17GenericStringTypelEEEENtB4_21NullableArrayAccessor8value_atB6_
FNDA:4,_RNvXs_NtCs2Zzx8WPYKXd_15otel_arrow_rust6arraysINtNtCs8sCtDi7t2F4_4core6option6OptionINtB4_22MaybeDictArrayAccessorINtNtNtCs5YmLTPZiaZu_11arrow_array5array15primitive_array14PrimitiveArrayNtNtB1V_5types9Int32TypeEEENtB4_21NullableArrayAccessor8value_atB6_
FNDA:0,_RNvXs_NtCs2Zzx8WPYKXd_15otel_arrow_rust6arraysINtNtCs8sCtDi7t2F4_4core6option6OptionINtB4_22MaybeDictArrayAccessorINtNtNtCs5YmLTPZiaZu_11arrow_array5array15primitive_array14PrimitiveArrayNtNtB1V_5types9Int64TypeEEENtB4_21NullableArrayAccessor8value_atB6_
FNDA:10,_RNvXs_NtCs2Zzx8WPYKXd_15otel_arrow_rust6arraysINtNtCs8sCtDi7t2F4_4core6option6OptionNtB4_17ByteArrayAccessorENtB4_21NullableArrayAccessor8value_atB6_
FNDA:3,_RNvXs_NtCs2Zzx8WPYKXd_15otel_arrow_rust6arraysINtNtCs8sCtDi7t2F4_4core6option6OptionNtNtNtB6_4otlp4logs13LogBodyArraysENtB4_21NullableArrayAccessor8value_atB6_
FNDA:4,_RNvXs_NtCs2Zzx8WPYKXd_15otel_arrow_rust6arraysINtNtCs8sCtDi7t2F4_4core6option6OptionRINtNtNtCs5YmLTPZiaZu_11arrow_array5array15primitive_array14PrimitiveArrayNtNtB1s_5types10UInt16TypeEENtB4_21NullableArrayAccessor8value_atB6_
FNDA:13,_RNvXs_NtCs2Zzx8WPYKXd_15otel_arrow_rust6arraysINtNtCs8sCtDi7t2F4_4core6option6OptionRINtNtNtCs5YmLTPZiaZu_11arrow_array5array15primitive_array14PrimitiveArrayNtNtB1s_5types10UInt32TypeEENtB4_21NullableArrayAccessor8value_atB6_
FNDA:1,_RNvXs_NtCs2Zzx8WPYKXd_15otel_arrow_rust6arraysINtNtCs8sCtDi7t2F4_4core6option6OptionRINtNtNtCs5YmLTPZiaZu_11arrow_array5array15primitive_array14PrimitiveArrayNtNtB1s_5types11Float64TypeEENtB4_21NullableArrayAccessor8value_atB6_
FNDA:7,_RNvXs_NtCs2Zzx8WPYKXd_15otel_arrow_rust6arraysINtNtCs8sCtDi7t2F4_4core6option6OptionRINtNtNtCs5YmLTPZiaZu_11arrow_array5array15primitive_array14PrimitiveArrayNtNtB1s_5types23TimestampNanosecondTypeEENtB4_21NullableArrayAccessor8value_atB6_
FNDA:1,_RNvXs_NtCs2Zzx8WPYKXd_15otel_arrow_rust6arraysINtNtCs8sCtDi7t2F4_4core6option6OptionRINtNtNtCs5YmLTPZiaZu_11arrow_array5array15primitive_array14PrimitiveArrayNtNtB1s_5types9Int64TypeEENtB4_21NullableArrayAccessor8value_atB6_
FNDA:1,_RNvXs_NtCs2Zzx8WPYKXd_15otel_arrow_rust6arraysINtNtCs8sCtDi7t2F4_4core6option6OptionRNtNtNtCs5YmLTPZiaZu_11arrow_array5array13boolean_array12BooleanArrayENtB4_21NullableArrayAccessor8value_atB6_
FNDA:14,_RNvYINtNtCs8sCtDi7t2F4_4core6option6OptionINtNtCs2Zzx8WPYKXd_15otel_arrow_rust6arrays22MaybeDictArrayAccessorINtNtNtCs5YmLTPZiaZu_11arrow_array5array10byte_array16GenericByteArrayINtNtB1Q_5types17GenericStringTypelEEEENtBH_21NullableArrayAccessor19value_at_or_defaultBJ_
FNDA:4,_RNvYINtNtCs8sCtDi7t2F4_4core6option6OptionINtNtCs2Zzx8WPYKXd_15otel_arrow_rust6arrays22MaybeDictArrayAccessorINtNtNtCs5YmLTPZiaZu_11arrow_array5array15primitive_array14PrimitiveArrayNtNtB1Q_5types9Int32TypeEEENtBH_21NullableArrayAccessor19value_at_or_defaultBJ_
FNDA:0,_RNvYINtNtCs8sCtDi7t2F4_4core6option6OptionINtNtCs2Zzx8WPYKXd_15otel_arrow_rust6arrays22MaybeDictArrayAccessorINtNtNtCs5YmLTPZiaZu_11arrow_array5array15primitive_array14PrimitiveArrayNtNtB1Q_5types9Int64TypeEEENtBH_21NullableArrayAccessor19value_at_or_defaultBJ_
FNDA:0,_RNvYINtNtCs8sCtDi7t2F4_4core6option6OptionNtNtCs2Zzx8WPYKXd_15otel_arrow_rust6arrays17ByteArrayAccessorENtBG_21NullableArrayAccessor19value_at_or_defaultBI_
FNDA:10,_RNvYINtNtCs8sCtDi7t2F4_4core6option6OptionRINtNtNtCs5YmLTPZiaZu_11arrow_array5array15primitive_array14PrimitiveArrayNtNtBM_5types10UInt32TypeEENtNtCs2Zzx8WPYKXd_15otel_arrow_rust6arrays21NullableArrayAccessor19value_at_or_defaultB2l_
FNDA:0,_RNvYINtNtCs8sCtDi7t2F4_4core6option6OptionRINtNtNtCs5YmLTPZiaZu_11arrow_array5array15primitive_array14PrimitiveArrayNtNtBM_5types11Float64TypeEENtNtCs2Zzx8WPYKXd_15otel_arrow_rust6arrays21NullableArrayAccessor19value_at_or_defaultB2m_
FNDA:6,_RNvYINtNtCs8sCtDi7t2F4_4core6option6OptionRINtNtNtCs5YmLTPZiaZu_11arrow_array5array15primitive_array14PrimitiveArrayNtNtBM_5types23TimestampNanosecondTypeEENtNtCs2Zzx8WPYKXd_15otel_arrow_rust6arrays21NullableArrayAccessor19value_at_or_defaultB2y_
FNDA:0,_RNvYINtNtCs8sCtDi7t2F4_4core6option6OptionRINtNtNtCs5YmLTPZiaZu_11arrow_array5array15primitive_array14PrimitiveArrayNtNtBM_5types9Int64TypeEENtNtCs2Zzx8WPYKXd_15otel_arrow_rust6arrays21NullableArrayAccessor19value_at_or_defaultB2j_
FNDA:1,_RNvYINtNtCs8sCtDi7t2F4_4core6option6OptionRNtNtNtCs5YmLTPZiaZu_11arrow_array5array13boolean_array12BooleanArrayENtNtCs2Zzx8WPYKXd_15otel_arrow_rust6arrays21NullableArrayAccessor19value_at_or_defaultB1Q_
FNDA:0,_RNvXNtCs2Zzx8WPYKXd_15otel_arrow_rust6arraysRNtNtNtCs5YmLTPZiaZu_11arrow_array5array13boolean_array12BooleanArrayNtB2_21NullableArrayAccessor8value_atB4_
FNDA:6,_RNvXs3_NtCs2Zzx8WPYKXd_15otel_arrow_rust6arraysNtNtNtCs5YmLTPZiaZu_11arrow_array5array23fixed_size_binary_array20FixedSizeBinaryArrayNtB5_21NullableArrayAccessor8value_at
FNDA:0,_RNvXs1_NtCs2Zzx8WPYKXd_15otel_arrow_rust6arraysNtNtNtCs5YmLTPZiaZu_11arrow_array5array13boolean_array12BooleanArrayNtB5_21NullableArrayAccessor8value_at
FNDA:0,_RNvXNtCs2Zzx8WPYKXd_15otel_arrow_rust6arraysRNtNtNtCs5YmLTPZiaZu_11arrow_array5array23fixed_size_binary_array20FixedSizeBinaryArrayNtB2_21NullableArrayAccessor8value_atB4_
FNF:45
FNH:31
DA:31,55
DA:32,55
DA:33,55
DA:34,55
DA:35,55
DA:36,55
DA:45,17
DA:46,17
DA:47,17
DA:56,68
DA:57,68
DA:58,68
DA:67,45
DA:68,45
DA:69,45
DA:71,0
DA:73,45
DA:79,0
DA:80,0
DA:81,0
DA:83,0
DA:85,0
DA:91,4
DA:92,4
DA:93,4
DA:95,0
DA:97,4
DA:103,6
DA:104,6
DA:105,6
DA:107,0
DA:109,6
DA:115,21
DA:116,21
DA:117,21
DA:119,0
DA:121,21
DA:127,19
DA:129,19
DA:130,19
DA:131,6
DA:132,6
DA:133,6
DA:134,0
DA:135,0
DA:136,0
DA:137,6
DA:138,19
DA:139,19
DA:141,10
DA:143,10
DA:145,10
DA:146,10
DA:147,10
DA:148,0
DA:149,0
DA:150,0
DA:151,10
DA:152,10
DA:181,19
DA:182,19
DA:183,19
DA:184,19
DA:185,19
DA:186,19
DA:187,19
DA:188,19
DA:195,0
DA:196,0
DA:197,0
DA:204,0
DA:205,0
DA:206,0
DA:208,0
DA:209,0
DA:210,0
DA:211,0
DA:212,0
DA:213,0
DA:214,0
DA:215,0
DA:223,0
DA:224,0
DA:225,0
DA:232,0
DA:233,0
DA:234,0
DA:237,0
DA:238,0
DA:239,0
DA:240,0
DA:241,0
DA:242,0
DA:243,0
DA:244,0
DA:256,0
DA:257,0
DA:258,0
DA:259,0
DA:260,0
DA:261,0
DA:263,6
DA:264,6
DA:266,0
DA:268,0
DA:269,0
DA:270,0
DA:272,6
DA:274,2
DA:276,4
DA:277,4
DA:278,4
DA:280,0
DA:281,0
DA:282,0
DA:283,0
DA:284,0
DA:286,0
DA:287,0
DA:288,0
DA:289,0
DA:290,0
DA:291,0
DA:292,0
DA:293,0
DA:294,0
DA:295,0
DA:296,0
DA:297,0
DA:298,0
DA:299,0
DA:300,0
DA:301,0
DA:302,0
DA:303,0
DA:305,6
DA:311,10
DA:312,10
DA:313,4
DA:314,6
DA:316,10
DA:333,40
DA:334,40
DA:335,40
DA:336,40
DA:337,40
DA:338,5
DA:339,22
DA:340,13
DA:342,40
DA:356,27
DA:357,27
DA:358,27
DA:359,5
DA:360,5
DA:361,5
DA:362,5
DA:363,5
DA:364,22
DA:367,22
DA:368,22
DA:369,22
DA:370,0
DA:371,0
DA:372,0
DA:373,0
DA:376,22
DA:377,15
DA:378,15
DA:379,15
DA:380,15
DA:381,15
DA:382,7
DA:383,7
DA:384,7
DA:385,7
DA:386,7
DA:388,0
DA:389,0
DA:390,0
DA:391,0
DA:392,0
DA:396,22
DA:397,0
DA:398,0
DA:399,0
DA:400,0
DA:401,0
DA:402,0
DA:403,0
DA:404,0
DA:405,0
DA:406,0
DA:407,0
DA:408,27
DA:415,8
DA:416,8
DA:417,8
DA:419,0
DA:420,0
DA:421,0
DA:422,0
DA:423,0
DA:424,0
DA:428,2
DA:429,2
DA:430,2
DA:434,4
DA:435,4
DA:436,4
DA:440,13
DA:441,13
DA:442,13
DA:444,3
DA:445,3
DA:446,3
DA:447,3
DA:448,3
DA:449,3
DA:469,22
DA:470,22
DA:471,22
DA:472,22
DA:473,22
DA:474,22
DA:475,0
DA:476,0
DA:477,22
DA:478,22
DA:479,22
DA:481,35
DA:482,35
DA:483,35
DA:484,35
DA:485,35
DA:486,35
DA:487,35
DA:489,0
DA:491,35
DA:504,8
DA:505,8
DA:506,8
DA:508,5
DA:509,5
DA:510,5
DA:511,5
DA:512,5
DA:513,5
DA:514,0
DA:515,5
DA:516,5
DA:518,18
DA:519,18
DA:520,18
DA:521,18
DA:522,18
DA:523,18
DA:524,18
DA:525,8
DA:526,8
DA:527,8
DA:528,0
DA:529,0
DA:530,0
DA:531,8
DA:532,18
DA:533,18
DA:534,18
DA:536,2
DA:537,2
DA:538,2
DA:539,2
DA:540,0
DA:541,0
DA:542,0
DA:543,0
DA:544,0
DA:545,0
DA:546,0
DA:547,2
DA:548,2
DA:549,2
DA:551,11
DA:552,11
DA:553,11
DA:554,11
DA:555,11
DA:556,11
DA:557,11
DA:558,11
DA:559,11
DA:561,4
DA:562,4
DA:563,4
DA:564,4
DA:565,4
DA:566,4
DA:567,4
DA:568,4
DA:569,4
DA:580,1
DA:581,1
DA:582,1
DA:583,1
DA:584,1
DA:585,1
DA:586,1
DA:587,1
DA:588,1
BRF:0
BRH:0
LF:328
LH:192
end_of_record
SF:/Users/d.dahl/code/otel-arrow/rust/otel-arrow-rust/src/decode/decoder.rs
FN:175,_RNvNtNtNtCs2Zzx8WPYKXd_15otel_arrow_rust6decode7decoder5testss_18test_replace_bytes
FN:70,_RNCNvMs_NtNtCs2Zzx8WPYKXd_15otel_arrow_rust6decode7decoderNtB6_8Consumer11consume_bar0Ba_
FN:79,_RNCNvMs_NtNtCs2Zzx8WPYKXd_15otel_arrow_rust6decode7decoderNtB6_8Consumer11consume_bars_0Ba_
FN:160,_RNCNvNtNtCs2Zzx8WPYKXd_15otel_arrow_rust6decode7decoder21get_main_payload_type0B7_
FN:44,_RNvMNtNtCs2Zzx8WPYKXd_15otel_arrow_rust6decode7decoderNtB2_14StreamConsumer13replace_bytes
FN:34,_RNvMNtNtCs2Zzx8WPYKXd_15otel_arrow_rust6decode7decoderNtB2_14StreamConsumer3new
FN:48,_RNvMNtNtCs2Zzx8WPYKXd_15otel_arrow_rust6decode7decoderNtB2_14StreamConsumer4next
FN:60,_RNvMs_NtNtCs2Zzx8WPYKXd_15otel_arrow_rust6decode7decoderNtB4_8Consumer11consume_bar
FN:134,_RNvMs_NtNtCs2Zzx8WPYKXd_15otel_arrow_rust6decode7decoderNtB4_8Consumer20consume_logs_batches
FN:112,_RNvMs_NtNtCs2Zzx8WPYKXd_15otel_arrow_rust6decode7decoderNtB4_8Consumer23consume_metrics_batches
FN:155,_RNvNtNtCs2Zzx8WPYKXd_15otel_arrow_rust6decode7decoder21get_main_payload_type
FNDA:1,_RNvNtNtNtCs2Zzx8WPYKXd_15otel_arrow_rust6decode7decoder5testss_18test_replace_bytes
FNDA:0,_RNCNvMs_NtNtCs2Zzx8WPYKXd_15otel_arrow_rust6decode7decoderNtB6_8Consumer11consume_bar0Ba_
FNDA:5,_RNCNvMs_NtNtCs2Zzx8WPYKXd_15otel_arrow_rust6decode7decoderNtB6_8Consumer11consume_bars_0Ba_
FNDA:0,_RNCNvNtNtCs2Zzx8WPYKXd_15otel_arrow_rust6decode7decoder21get_main_payload_type0B7_
FNDA:0,_RNvMNtNtCs2Zzx8WPYKXd_15otel_arrow_rust6decode7decoderNtB2_14StreamConsumer13replace_bytes
FNDA:7,_RNvMNtNtCs2Zzx8WPYKXd_15otel_arrow_rust6decode7decoderNtB2_14StreamConsumer3new
FNDA:7,_RNvMNtNtCs2Zzx8WPYKXd_15otel_arrow_rust6decode7decoderNtB2_14StreamConsumer4next
FNDA:3,_RNvMs_NtNtCs2Zzx8WPYKXd_15otel_arrow_rust6decode7decoderNtB4_8Consumer11consume_bar
FNDA:2,_RNvMs_NtNtCs2Zzx8WPYKXd_15otel_arrow_rust6decode7decoderNtB4_8Consumer20consume_logs_batches
FNDA:1,_RNvMs_NtNtCs2Zzx8WPYKXd_15otel_arrow_rust6decode7decoderNtB4_8Consumer23consume_metrics_batches
FNDA:3,_RNvNtNtCs2Zzx8WPYKXd_15otel_arrow_rust6decode7decoder21get_main_payload_type
FNF:11
FNH:8
DA:34,7
DA:35,7
DA:36,7
DA:37,7
DA:38,7
DA:39,7
[...]
FNDA:1,_RNCINvNtNtCs2Zzx8WPYKXd_15otel_arrow_rust10validation9scenarios26run_single_round_trip_testNtNtB6_4otlp17OTLPLogsInputTypeNtNtB6_4otap18OTAPLogsOutputTypeNvNtNtB6_8testdata4logs21create_single_requestE0B8_
FNDA:1,_RNCINvNtNtCs2Zzx8WPYKXd_15otel_arrow_rust10validation9scenarios26run_single_round_trip_testNtNtB6_4otlp17OTLPLogsInputTypeNtNtB6_4otap18OTAPLogsOutputTypeNvNtNtB6_8testdata4logs37create_request_with_serialized_bodiesE0B8_
FNDA:1,_RNCINvNtNtCs2Zzx8WPYKXd_15otel_arrow_rust10validation9scenarios26run_single_round_trip_testNtNtB6_4otlp19OTLPTracesInputTypeNtB1t_20OTLPTracesOutputTypeNvNtNtB6_8testdata6traces21create_single_requestE0B8_
FNDA:1,_RNCINvNtNtCs2Zzx8WPYKXd_15otel_arrow_rust10validation9scenarios26run_single_round_trip_testNtNtB6_4otlp20OTLPMetricsInputTypeNtB1t_21OTLPMetricsOutputTypeNvNtNtB6_8testdata7metrics21create_single_requestE0B8_
FNDA:1,_RNCINvNtNtCs2Zzx8WPYKXd_15otel_arrow_rust10validation9scenarios26run_single_round_trip_testNtNtB6_4otlp20OTLPMetricsInputTypeNtNtB6_4otap21OTAPMetricsOutputTypeNvNtNtB6_8testdata7metrics21create_single_requestE0B8_
FNDA:1,_RNCNCINvNtNtCs2Zzx8WPYKXd_15otel_arrow_rust10validation9scenarios21run_single_round_tripNtNtB8_4otlp17OTLPLogsInputTypeNtB1q_18OTLPLogsOutputTypeNvNtNtB8_8testdata4logs21create_single_requestE00Ba_
FNDA:1,_RNCNCINvNtNtCs2Zzx8WPYKXd_15otel_arrow_rust10validation9scenarios21run_single_round_tripNtNtB8_4otlp17OTLPLogsInputTypeNtNtB8_4otap18OTAPLogsOutputTypeNvNtNtB8_8testdata4logs21create_single_requestE00Ba_
FNDA:1,_RNCNCINvNtNtCs2Zzx8WPYKXd_15otel_arrow_rust10validation9scenarios21run_single_round_tripNtNtB8_4otlp17OTLPLogsInputTypeNtNtB8_4otap18OTAPLogsOutputTypeNvNtNtB8_8testdata4logs37create_request_with_serialized_bodiesE00Ba_
FNDA:1,_RNCNCINvNtNtCs2Zzx8WPYKXd_15otel_arrow_rust10validation9scenarios21run_single_round_tripNtNtB8_4otlp19OTLPTracesInputTypeNtB1q_20OTLPTracesOutputTypeNvNtNtB8_8testdata6traces21create_single_requestE00Ba_
FNDA:1,_RNCNCINvNtNtCs2Zzx8WPYKXd_15otel_arrow_rust10validation9scenarios21run_single_round_tripNtNtB8_4otlp20OTLPMetricsInputTypeNtB1q_21OTLPMetricsOutputTypeNvNtNtB8_8testdata7metrics21create_single_requestE00Ba_
FNDA:1,_RNCNCINvNtNtCs2Zzx8WPYKXd_15otel_arrow_rust10validation9scenarios21run_single_round_tripNtNtB8_4otlp20OTLPMetricsInputTypeNtNtB8_4otap21OTAPMetricsOutputTypeNvNtNtB8_8testdata7metrics21create_single_requestE00Ba_
FNDA:1,_RNCNCNCINvNtNtCs2Zzx8WPYKXd_15otel_arrow_rust10validation9scenarios21run_single_round_tripNtNtBa_4otlp17OTLPLogsInputTypeNtB1s_18OTLPLogsOutputTypeNvNtNtBa_8testdata4logs21create_single_requestE000Bc_
FNDA:1,_RNCNCNCINvNtNtCs2Zzx8WPYKXd_15otel_arrow_rust10validation9scenarios21run_single_round_tripNtNtBa_4otlp17OTLPLogsInputTypeNtNtBa_4otap18OTAPLogsOutputTypeNvNtNtBa_8testdata4logs21create_single_requestE000Bc_
FNDA:1,_RNCNCNCINvNtNtCs2Zzx8WPYKXd_15otel_arrow_rust10validation9scenarios21run_single_round_tripNtNtBa_4otlp17OTLPLogsInputTypeNtNtBa_4otap18OTAPLogsOutputTypeNvNtNtBa_8testdata4logs37create_request_with_serialized_bodiesE000Bc_
FNDA:1,_RNCNCNCINvNtNtCs2Zzx8WPYKXd_15otel_arrow_rust10validation9scenarios21run_single_round_tripNtNtBa_4otlp19OTLPTracesInputTypeNtB1s_20OTLPTracesOutputTypeNvNtNtBa_8testdata6traces21create_single_requestE000Bc_
FNDA:1,_RNCNCNCINvNtNtCs2Zzx8WPYKXd_15otel_arrow_rust10validation9scenarios21run_single_round_tripNtNtBa_4otlp20OTLPMetricsInputTypeNtB1s_21OTLPMetricsOutputTypeNvNtNtBa_8testdata7metrics21create_single_requestE000Bc_
FNDA:1,_RNCNCNCINvNtNtCs2Zzx8WPYKXd_15otel_arrow_rust10validation9scenarios21run_single_round_tripNtNtBa_4otlp20OTLPMetricsInputTypeNtNtBa_4otap21OTAPMetricsOutputTypeNvNtNtBa_8testdata7metrics21create_single_requestE000Bc_
FNDA:0,_RNCNCNCNCINvNtNtCs2Zzx8WPYKXd_15otel_arrow_rust10validation9scenarios21run_single_round_tripNtNtBc_4otlp17OTLPLogsInputTypeNtB1u_18OTLPLogsOutputTypeNvNtNtBc_8testdata4logs21create_single_requestE0000Be_
FNDA:0,_RNCNCNCNCINvNtNtCs2Zzx8WPYKXd_15otel_arrow_rust10validation9scenarios21run_single_round_tripNtNtBc_4otlp17OTLPLogsInputTypeNtNtBc_4otap18OTAPLogsOutputTypeNvNtNtBc_8testdata4logs21create_single_requestE0000Be_
FNDA:0,_RNCNCNCNCINvNtNtCs2Zzx8WPYKXd_15otel_arrow_rust10validation9scenarios21run_single_round_tripNtNtBc_4otlp17OTLPLogsInputTypeNtNtBc_4otap18OTAPLogsOutputTypeNvNtNtBc_8testdata4logs37create_request_with_serialized_bodiesE0000Be_
FNDA:0,_RNCNCNCNCINvNtNtCs2Zzx8WPYKXd_15otel_arrow_rust10validation9scenarios21run_single_round_tripNtNtBc_4otlp19OTLPTracesInputTypeNtB1u_20OTLPTracesOutputTypeNvNtNtBc_8testdata6traces21create_single_requestE0000Be_
FNDA:0,_RNCNCNCNCINvNtNtCs2Zzx8WPYKXd_15otel_arrow_rust10validation9scenarios21run_single_round_tripNtNtBc_4otlp20OTLPMetricsInputTypeNtB1u_21OTLPMetricsOutputTypeNvNtNtBc_8testdata7metrics21create_single_requestE0000Be_
FNDA:0,_RNCNCNCNCINvNtNtCs2Zzx8WPYKXd_15otel_arrow_rust10validation9scenarios21run_single_round_tripNtNtBc_4otlp20OTLPMetricsInputTypeNtNtBc_4otap21OTAPMetricsOutputTypeNvNtNtBc_8testdata7metrics21create_single_requestE0000Be_
FNF:7
FNH:6
DA:21,6
DA:22,6
DA:23,6
DA:24,6
DA:25,6
DA:26,6
DA:27,6
DA:28,6
DA:29,6
DA:30,6
DA:31,6
DA:32,6
DA:33,6
DA:34,0
DA:35,0
DA:38,6
DA:42,6
DA:43,6
DA:44,6
DA:45,6
DA:46,6
DA:47,6
DA:48,6
DA:49,6
DA:50,6
DA:51,6
DA:52,6
DA:53,6
DA:54,6
DA:55,6
DA:56,6
DA:57,6
DA:58,6
DA:59,6
DA:60,6
DA:61,6
DA:62,6
DA:63,6
DA:64,6
DA:65,6
DA:66,6
DA:67,6
DA:68,6
DA:69,6
DA:72,6
DA:73,6
DA:74,6
DA:75,6
DA:76,6
DA:77,6
DA:78,6
DA:81,6
DA:82,6
DA:84,6
DA:86,0
DA:87,0
DA:89,0
DA:90,0
DA:91,0
DA:92,0
DA:93,0
DA:94,0
DA:95,0
DA:96,0
DA:99,0
DA:103,6
DA:104,6
DA:105,6
DA:106,6
DA:107,6
DA:108,6
BRF:0
BRH:0
LF:79
LH:64
end_of_record
SF:/Users/d.dahl/code/otel-arrow/rust/otel-arrow-rust/src/validation/service_type.rs
FN:72,_RINvMNtNtCs2Zzx8WPYKXd_15otel_arrow_rust10validation12service_typeINtB3_12TestReceiverNtNtNtNtNtNtB7_5proto13opentelemetry9collector4logs2v124ExportLogsServiceRequestE22process_export_requestB1m_EB7_
FN:72,_RINvMNtNtCs2Zzx8WPYKXd_15otel_arrow_rust10validation12service_typeINtB3_12TestReceiverNtNtNtNtNtNtB7_5proto13opentelemetry9collector4logs2v124ExportLogsServiceRequestE22process_export_requestNtB1o_25ExportLogsServiceResponseEB7_
FN:72,_RINvMNtNtCs2Zzx8WPYKXd_15otel_arrow_rust10validation12service_typeINtB3_12TestReceiverNtNtNtNtNtNtB7_5proto13opentelemetry9collector5trace2v125ExportTraceServiceRequestE22process_export_requestNtB1o_26ExportTraceServiceResponseEB7_
FN:72,_RINvMNtNtCs2Zzx8WPYKXd_15otel_arrow_rust10validation12service_typeINtB3_12TestReceiverNtNtNtNtNtNtB7_5proto13opentelemetry9collector7metrics2v127ExportMetricsServiceRequestE22process_export_requestB1m_EB7_
FN:72,_RINvMNtNtCs2Zzx8WPYKXd_15otel_arrow_rust10validation12service_typeINtB3_12TestReceiverNtNtNtNtNtNtB7_5proto13opentelemetry9collector7metrics2v127ExportMetricsServiceRequestE22process_export_requestNtB1o_28ExportMetricsServiceResponseEB7_
FN:113,_RINvNtNtCs2Zzx8WPYKXd_15otel_arrow_rust10validation12service_type19start_test_receiverNtNtB4_4otap18OTAPLogsOutputTypeEB6_
FN:113,_RINvNtNtCs2Zzx8WPYKXd_15otel_arrow_rust10validation12service_type19start_test_receiverNtNtB4_4otap21OTAPMetricsOutputTypeEB6_
FN:113,_RINvNtNtCs2Zzx8WPYKXd_15otel_arrow_rust10validation12service_type19start_test_receiverNtNtB4_4otlp18OTLPLogsOutputTypeEB6_
FN:113,_RINvNtNtCs2Zzx8WPYKXd_15otel_arrow_rust10validation12service_type19start_test_receiverNtNtB4_4otlp20OTLPTracesOutputTypeEB6_
FN:113,_RINvNtNtCs2Zzx8WPYKXd_15otel_arrow_rust10validation12service_type19start_test_receiverNtNtB4_4otlp21OTLPMetricsOutputTypeEB6_
FN:127,_RINvNtNtCs2Zzx8WPYKXd_15otel_arrow_rust10validation12service_type21create_service_serverNtNtB4_4otap18OTAPLogsOutputTypeEB6_
FN:127,_RINvNtNtCs2Zzx8WPYKXd_15otel_arrow_rust10validation12service_type21create_service_serverNtNtB4_4otap21OTAPMetricsOutputTypeEB6_
FN:127,_RINvNtNtCs2Zzx8WPYKXd_15otel_arrow_rust10validation12service_type21create_service_serverNtNtB4_4otlp18OTLPLogsOutputTypeEB6_
FN:127,_RINvNtNtCs2Zzx8WPYKXd_15otel_arrow_rust10validation12service_type21create_service_serverNtNtB4_4otlp20OTLPTracesOutputTypeEB6_
FN:127,_RINvNtNtCs2Zzx8WPYKXd_15otel_arrow_rust10validation12service_type21create_service_serverNtNtB4_4otlp21OTLPMetricsOutputTypeEB6_
FN:79,_RNCINvMNtNtCs2Zzx8WPYKXd_15otel_arrow_rust10validation12service_typeINtB5_12TestReceiverNtNtNtNtNtNtB9_5proto13opentelemetry9collector4logs2v124ExportLogsServiceRequestE22process_export_requestB1o_E0B9_
FN:79,_RNCINvMNtNtCs2Zzx8WPYKXd_15otel_arrow_rust10validation12service_typeINtB5_12TestReceiverNtNtNtNtNtNtB9_5proto13opentelemetry9collector4logs2v124ExportLogsServiceRequestE22process_export_requestNtB1q_25ExportLogsServiceResponseE0B9_
FN:79,_RNCINvMNtNtCs2Zzx8WPYKXd_15otel_arrow_rust10validation12service_typeINtB5_12TestReceiverNtNtNtNtNtNtB9_5proto13opentelemetry9collector5trace2v125ExportTraceServiceRequestE22process_export_requestNtB1q_26ExportTraceServiceResponseE0B9_
FN:79,_RNCINvMNtNtCs2Zzx8WPYKXd_15otel_arrow_rust10validation12service_typeINtB5_12TestReceiverNtNtNtNtNtNtB9_5proto13opentelemetry9collector7metrics2v127ExportMetricsServiceRequestE22process_export_requestB1o_E0B9_
FN:79,_RNCINvMNtNtCs2Zzx8WPYKXd_15otel_arrow_rust10validation12service_typeINtB5_12TestReceiverNtNtNtNtNtNtB9_5proto13opentelemetry9collector7metrics2v127ExportMetricsServiceRequestE22process_export_requestNtB1q_28ExportMetricsServiceResponseE0B9_
FN:118,_RNCINvNtNtCs2Zzx8WPYKXd_15otel_arrow_rust10validation12service_type19start_test_receiverNtNtB6_4otap18OTAPLogsOutputTypeE0B8_
FN:118,_RNCINvNtNtCs2Zzx8WPYKXd_15otel_arrow_rust10validation12service_type19start_test_receiverNtNtB6_4otap21OTAPMetricsOutputTypeE0B8_
FN:118,_RNCINvNtNtCs2Zzx8WPYKXd_15otel_arrow_rust10validation12service_type19start_test_receiverNtNtB6_4otlp18OTLPLogsOutputTypeE0B8_
FN:118,_RNCINvNtNtCs2Zzx8WPYKXd_15otel_arrow_rust10validation12service_type19start_test_receiverNtNtB6_4otlp20OTLPTracesOutputTypeE0B8_
FN:118,_RNCINvNtNtCs2Zzx8WPYKXd_15otel_arrow_rust10validation12service_type19start_test_receiverNtNtB6_4otlp21OTLPMetricsOutputTypeE0B8_
FN:133,_RNCINvNtNtCs2Zzx8WPYKXd_15otel_arrow_rust10validation12service_type21create_service_serverNtNtB6_4otap18OTAPLogsOutputTypeE0B8_
FN:133,_RNCINvNtNtCs2Zzx8WPYKXd_15otel_arrow_rust10validation12service_type21create_service_serverNtNtB6_4otap21OTAPMetricsOutputTypeE0B8_
FN:133,_RNCINvNtNtCs2Zzx8WPYKXd_15otel_arrow_rust10validation12service_type21create_service_serverNtNtB6_4otlp18OTLPLogsOutputTypeE0B8_
FN:133,_RNCINvNtNtCs2Zzx8WPYKXd_15otel_arrow_rust10validation12service_type21create_service_serverNtNtB6_4otlp20OTLPTracesOutputTypeE0B8_
FN:133,_RNCINvNtNtCs2Zzx8WPYKXd_15otel_arrow_rust10validation12service_type21create_service_serverNtNtB6_4otlp21OTLPMetricsOutputTypeE0B8_
FN:95,_RNCNvNtNtCs2Zzx8WPYKXd_15otel_arrow_rust10validation12service_type25create_listener_with_port0B7_
FN:95,_RNvNtNtCs2Zzx8WPYKXd_15otel_arrow_rust10validation12service_type25create_listener_with_port
FNDA:2,_RINvMNtNtCs2Zzx8WPYKXd_15otel_arrow_rust10validation12service_typeINtB3_12TestReceiverNtNtNtNtNtNtB7_5proto13opentelemetry9collector4logs2v124ExportLogsServiceRequestE22process_export_requestB1m_EB7_
FNDA:1,_RINvMNtNtCs2Zzx8WPYKXd_15otel_arrow_rust10validation12service_typeINtB3_12TestReceiverNtNtNtNtNtNtB7_5proto13opentelemetry9collector4logs2v124ExportLogsServiceRequestE22process_export_requestNtB1o_25ExportLogsServiceResponseEB7_
FNDA:1,_RINvMNtNtCs2Zzx8WPYKXd_15otel_arrow_rust10validation12service_typeINtB3_12TestReceiverNtNtNtNtNtNtB7_5proto13opentelemetry9collector5trace2v125ExportTraceServiceRequestE22process_export_requestNtB1o_26ExportTraceServiceResponseEB7_
FNDA:1,_RINvMNtNtCs2Zzx8WPYKXd_15otel_arrow_rust10validation12service_typeINtB3_12TestReceiverNtNtNtNtNtNtB7_5proto13opentelemetry9collector7metrics2v127ExportMetricsServiceRequestE22process_export_requestB1m_EB7_
FNDA:1,_RINvMNtNtCs2Zzx8WPYKXd_15otel_arrow_rust10validation12service_typeINtB3_12TestReceiverNtNtNtNtNtNtB7_5proto13opentelemetry9collector7metrics2v127ExportMetricsServiceRequestE22process_export_requestNtB1o_28ExportMetricsServiceResponseEB7_
FNDA:2,_RINvNtNtCs2Zzx8WPYKXd_15otel_arrow_rust10validation12service_type19start_test_receiverNtNtB4_4otap18OTAPLogsOutputTypeEB6_
FNDA:1,_RINvNtNtCs2Zzx8WPYKXd_15otel_arrow_rust10validation12service_type19start_test_receiverNtNtB4_4otap21OTAPMetricsOutputTypeEB6_
FNDA:1,_RINvNtNtCs2Zzx8WPYKXd_15otel_arrow_rust10validation12service_type19start_test_receiverNtNtB4_4otlp18OTLPLogsOutputTypeEB6_
FNDA:1,_RINvNtNtCs2Zzx8WPYKXd_15otel_arrow_rust10validation12service_type19start_test_receiverNtNtB4_4otlp20OTLPTracesOutputTypeEB6_
FNDA:1,_RINvNtNtCs2Zzx8WPYKXd_15otel_arrow_rust10validation12service_type19start_test_receiverNtNtB4_4otlp21OTLPMetricsOutputTypeEB6_
FNDA:2,_RINvNtNtCs2Zzx8WPYKXd_15otel_arrow_rust10validation12service_type21create_service_serverNtNtB4_4otap18OTAPLogsOutputTypeEB6_
FNDA:1,_RINvNtNtCs2Zzx8WPYKXd_15otel_arrow_rust10validation12service_type21create_service_serverNtNtB4_4otap21OTAPMetricsOutputTypeEB6_
FNDA:1,_RINvNtNtCs2Zzx8WPYKXd_15otel_arrow_rust10validation12service_type21create_service_serverNtNtB4_4otlp18OTLPLogsOutputTypeEB6_
FNDA:1,_RINvNtNtCs2Zzx8WPYKXd_15otel_arrow_rust10validation12service_type21create_service_serverNtNtB4_4otlp20OTLPTracesOutputTypeEB6_
FNDA:1,_RINvNtNtCs2Zzx8WPYKXd_15otel_arrow_rust10validation12service_type21create_service_serverNtNtB4_4otlp21OTLPMetricsOutputTypeEB6_
FNDA:2,_RNCINvMNtNtCs2Zzx8WPYKXd_15otel_arrow_rust10validation12service_typeINtB5_12TestReceiverNtNtNtNtNtNtB9_5proto13opentelemetry9collector4logs2v124ExportLogsServiceRequestE22process_export_requestB1o_E0B9_
FNDA:1,_RNCINvMNtNtCs2Zzx8WPYKXd_15otel_arrow_rust10validation12service_typeINtB5_12TestReceiverNtNtNtNtNtNtB9_5proto13opentelemetry9collector4logs2v124ExportLogsServiceRequestE22process_export_requestNtB1q_25ExportLogsServiceResponseE0B9_
FNDA:1,_RNCINvMNtNtCs2Zzx8WPYKXd_15otel_arrow_rust10validation12service_typeINtB5_12TestReceiverNtNtNtNtNtNtB9_5proto13opentelemetry9collector5trace2v125ExportTraceServiceRequestE22process_export_requestNtB1q_26ExportTraceServiceResponseE0B9_
FNDA:1,_RNCINvMNtNtCs2Zzx8WPYKXd_15otel_arrow_rust10validation12service_typeINtB5_12TestReceiverNtNtNtNtNtNtB9_5proto13opentelemetry9collector7metrics2v127ExportMetricsServiceRequestE22process_export_requestB1o_E0B9_
FNDA:1,_RNCINvMNtNtCs2Zzx8WPYKXd_15otel_arrow_rust10validation12service_typeINtB5_12TestReceiverNtNtNtNtNtNtB9_5proto13opentelemetry9collector7metrics2v127ExportMetricsServiceRequestE22process_export_requestNtB1q_28ExportMetricsServiceResponseE0B9_
FNDA:2,_RNCINvNtNtCs2Zzx8WPYKXd_15otel_arrow_rust10validation12service_type19start_test_receiverNtNtB6_4otap18OTAPLogsOutputTypeE0B8_
FNDA:1,_RNCINvNtNtCs2Zzx8WPYKXd_15otel_arrow_rust10validation12service_type19start_test_receiverNtNtB6_4otap21OTAPMetricsOutputTypeE0B8_
FNDA:1,_RNCINvNtNtCs2Zzx8WPYKXd_15otel_arrow_rust10validation12service_type19start_test_receiverNtNtB6_4otlp18OTLPLogsOutputTypeE0B8_
FNDA:1,_RNCINvNtNtCs2Zzx8WPYKXd_15otel_arrow_rust10validation12service_type19start_test_receiverNtNtB6_4otlp20OTLPTracesOutputTypeE0B8_
FNDA:1,_RNCINvNtNtCs2Zzx8WPYKXd_15otel_arrow_rust10validation12service_type19start_test_receiverNtNtB6_4otlp21OTLPMetricsOutputTypeE0B8_
FNDA:2,_RNCINvNtNtCs2Zzx8WPYKXd_15otel_arrow_rust10validation12service_type21create_service_serverNtNtB6_4otap18OTAPLogsOutputTypeE0B8_
FNDA:1,_RNCINvNtNtCs2Zzx8WPYKXd_15otel_arrow_rust10validation12service_type21create_service_serverNtNtB6_4otap21OTAPMetricsOutputTypeE0B8_
FNDA:1,_RNCINvNtNtCs2Zzx8WPYKXd_15otel_arrow_rust10validation12service_type21create_service_serverNtNtB6_4otlp18OTLPLogsOutputTypeE0B8_
FNDA:1,_RNCINvNtNtCs2Zzx8WPYKXd_15otel_arrow_rust10validation12service_type21create_service_serverNtNtB6_4otlp20OTLPTracesOutputTypeE0B8_
FNDA:1,_RNCINvNtNtCs2Zzx8WPYKXd_15otel_arrow_rust10validation12service_type21create_service_serverNtNtB6_4otlp21OTLPMetricsOutputTypeE0B8_
FNDA:6,_RNCNvNtNtCs2Zzx8WPYKXd_15otel_arrow_rust10validation12service_type25create_listener_with_port0B7_
FNDA:6,_RNvNtNtCs2Zzx8WPYKXd_15otel_arrow_rust10validation12service_type25create_listener_with_port
FNF:8
FNH:8
DA:72,6
DA:73,6
DA:74,6
DA:75,6
DA:76,6
DA:77,6
DA:78,6
DA:79,6
DA:80,6
DA:83,6
DA:84,0
DA:85,0
DA:86,0
DA:87,0
DA:88,6
DA:89,6
DA:90,6
DA:91,6
DA:95,6
DA:96,6
DA:97,6
DA:98,6
DA:99,6
DA:100,6
DA:102,6
DA:103,6
DA:104,6
DA:105,6
DA:106,6
DA:107,6
DA:108,6
DA:109,6
DA:110,6
DA:113,6
DA:114,6
DA:115,6
DA:116,6
DA:117,6
DA:118,6
DA:119,6
DA:121,6
DA:123,6
DA:124,6
DA:127,6
DA:128,6
DA:129,6
DA:130,6
DA:131,6
DA:132,6
DA:133,6
DA:134,6
DA:135,6
DA:136,6
DA:137,6
DA:138,6
DA:139,6
DA:140,6
DA:141,6
DA:142,6
DA:143,6
DA:144,6
DA:145,6
BRF:0
BRH:0
LF:66
LH:62
end_of_record
SF:/Users/d.dahl/code/otel-arrow/rust/otel-arrow-rust/src/validation/tcp_stream.rs
FN:42,_RNvNtNtCs2Zzx8WPYKXd_15otel_arrow_rust10validation10tcp_stream32create_shutdownable_tcp_listener
FN:22,_RNvXNtNtCs2Zzx8WPYKXd_15otel_arrow_rust10validation10tcp_streamNtB2_29ShutdownableTcpListenerStreamNtNtCsa2zHdcFt7vd_12futures_core6stream6Stream9poll_next
FNDA:6,_RNvNtNtCs2Zzx8WPYKXd_15otel_arrow_rust10validation10tcp_stream32create_shutdownable_tcp_listener
FNDA:24,_RNvXNtNtCs2Zzx8WPYKXd_15otel_arrow_rust10validation10tcp_streamNtB2_29ShutdownableTcpListenerStreamNtNtCsa2zHdcFt7vd_12futures_core6stream6Stream9poll_next
FNF:2
FNH:2
DA:22,24
DA:23,24
DA:24,24
DA:25,0
DA:26,24
DA:27,24
DA:28,24
DA:29,24
DA:30,24
DA:31,24
DA:32,6
DA:33,6
DA:34,6
DA:35,18
DA:36,18
DA:37,18
DA:38,18
DA:39,24
DA:42,6
DA:43,6
DA:44,6
DA:45,6
DA:46,6
DA:47,6
DA:48,6
DA:49,6
DA:50,6
DA:51,6
DA:52,6
DA:53,6
DA:54,6
DA:55,6
DA:56,6
BRF:0
BRH:0
LF:33
LH:32
end_of_record
SF:/Users/d.dahl/code/otel-arrow/rust/otel-arrow-rust/src/validation/testdata.rs
FN:52,_RNvNtNtNtCs2Zzx8WPYKXd_15otel_arrow_rust10validation8testdata7metrics21create_single_request
FN:17,_RNvNtNtNtCs2Zzx8WPYKXd_15otel_arrow_rust10validation8testdata6traces21create_single_request
FN:106,_RNvNtNtNtCs2Zzx8WPYKXd_15otel_arrow_rust10validation8testdata4logs21create_single_request
FN:94,_RNvNtNtNtCs2Zzx8WPYKXd_15otel_arrow_rust10validation8testdata4logs22to_export_logs_request
FN:132,_RNvNtNtNtCs2Zzx8WPYKXd_15otel_arrow_rust10validation8testdata4logs37create_request_with_serialized_bodies
FNDA:2,_RNvNtNtNtCs2Zzx8WPYKXd_15otel_arrow_rust10validation8testdata7metrics21create_single_request
FNDA:1,_RNvNtNtNtCs2Zzx8WPYKXd_15otel_arrow_rust10validation8testdata6traces21create_single_request
FNDA:2,_RNvNtNtNtCs2Zzx8WPYKXd_15otel_arrow_rust10validation8testdata4logs21create_single_request
FNDA:3,_RNvNtNtNtCs2Zzx8WPYKXd_15otel_arrow_rust10validation8testdata4logs22to_export_logs_request
FNDA:1,_RNvNtNtNtCs2Zzx8WPYKXd_15otel_arrow_rust10validation8testdata4logs37create_request_with_serialized_bodies
FNF:5
FNH:5
DA:17,1
DA:18,1
DA:19,1
DA:20,1
DA:21,1
DA:22,1
DA:23,1
DA:24,1
DA:25,1
DA:26,1
DA:27,1
DA:28,1
DA:29,1
DA:30,1
DA:31,1
DA:32,1
DA:33,1
DA:34,1
DA:35,1
DA:36,1
DA:37,1
DA:38,1
DA:39,1
DA:40,1
DA:41,1
DA:52,2
DA:53,2
DA:54,2
DA:55,2
DA:56,2
DA:57,2
DA:58,2
DA:59,2
DA:60,2
DA:61,2
DA:62,2
DA:63,2
DA:64,2
DA:65,2
DA:66,2
DA:67,2
DA:68,2
DA:69,2
DA:70,2
DA:71,2
DA:72,2
DA:73,2
DA:74,2
DA:75,2
DA:76,2
DA:77,2
DA:94,3
DA:95,3
DA:96,3
DA:97,3
DA:98,3
DA:99,3
DA:100,3
DA:101,3
DA:102,3
DA:103,3
DA:104,3
DA:106,2
DA:107,2
DA:108,2
DA:109,2
DA:110,2
DA:111,2
DA:112,2
DA:113,2
DA:114,2
DA:115,2
DA:116,2
DA:117,2
DA:118,2
DA:119,2
DA:120,2
DA:121,2
DA:122,2
DA:123,2
DA:124,2
DA:125,2
DA:126,2
DA:127,2
DA:128,2
DA:129,2
DA:132,1
DA:133,1
DA:134,1
DA:135,1
DA:136,1
DA:137,1
DA:138,1
DA:139,1
DA:140,1
DA:141,1
DA:142,1
DA:143,1
DA:144,1
DA:145,1
DA:146,1
DA:147,1
DA:148,1
DA:149,1
DA:150,1
DA:151,1
DA:152,1
DA:153,1
DA:154,1
DA:155,1
DA:156,1
DA:157,1
DA:158,1
DA:159,1
DA:160,1
DA:161,1
DA:162,1
DA:163,1
DA:164,1
DA:165,1
DA:166,1
DA:167,1
DA:168,1
DA:169,1
DA:170,1
DA:171,1
DA:172,1
DA:173,1
DA:174,1
DA:175,1
DA:176,1
DA:177,1
DA:178,1
BRF:0
BRH:0
LF:133
LH:133
end_of_record